CRITICAL - 2021-04-29 03:09:58 --> Call to a member function getName() on null
#0 /opt/lampp/htdocs/codeigniter/system/CodeIgniter.php(936): App\Controllers\Blog->create()
#1 /opt/lampp/htdocs/codeigniter/system/CodeIgniter.php(432): CodeIgniter\CodeIgniter->runController(Object(App\Controllers\Blog))
#2 /opt/lampp/htdocs/codeigniter/system/CodeIgniter.php(333): CodeIgniter\CodeIgniter->handleRequest(NULL, Object(Config\Cache), false)
#3 /opt/lampp/htdocs/codeigniter/public/index.php(44): CodeIgniter\CodeIgniter->run()
#4 {main}
CRITICAL - 2021-04-29 03:11:33 --> Call to a member function getClientName() on null
#0 /opt/lampp/htdocs/codeigniter/system/CodeIgniter.php(936): App\Controllers\Blog->create()
#1 /opt/lampp/htdocs/codeigniter/system/CodeIgniter.php(432): CodeIgniter\CodeIgniter->runController(Object(App\Controllers\Blog))
#2 /opt/lampp/htdocs/codeigniter/system/CodeIgniter.php(333): CodeIgniter\CodeIgniter->handleRequest(NULL, Object(Config\Cache), false)
#3 /opt/lampp/htdocs/codeigniter/public/index.php(44): CodeIgniter\CodeIgniter->run()
#4 {main}
CRITICAL - 2021-04-29 03:11:54 --> Call to a member function getClientName() on null
#0 /opt/lampp/htdocs/codeigniter/system/CodeIgniter.php(936): App\Controllers\Blog->create()
#1 /opt/lampp/htdocs/codeigniter/system/CodeIgniter.php(432): CodeIgniter\CodeIgniter->runController(Object(App\Controllers\Blog))
#2 /opt/lampp/htdocs/codeigniter/system/CodeIgniter.php(333): CodeIgniter\CodeIgniter->handleRequest(NULL, Object(Config\Cache), false)
#3 /opt/lampp/htdocs/codeigniter/public/index.php(44): CodeIgniter\CodeIgniter->run()
#4 {main}
CRITICAL - 2021-04-29 03:12:55 --> Call to a member function getRandomName() on null
#0 /opt/lampp/htdocs/codeigniter/system/CodeIgniter.php(936): App\Controllers\Blog->create()
#1 /opt/lampp/htdocs/codeigniter/system/CodeIgniter.php(432): CodeIgniter\CodeIgniter->runController(Object(App\Controllers\Blog))
#2 /opt/lampp/htdocs/codeigniter/system/CodeIgniter.php(333): CodeIgniter\CodeIgniter->handleRequest(NULL, Object(Config\Cache), false)
#3 /opt/lampp/htdocs/codeigniter/public/index.php(44): CodeIgniter\CodeIgniter->run()
#4 {main}
CRITICAL - 2021-04-29 03:19:40 --> mkdir(): Permission denied
#0 [internal function]: CodeIgniter\Debug\Exceptions->errorHandler(2, 'mkdir(): Permis...', '/opt/lampp/htdo...', 182, Array)
#1 /opt/lampp/htdocs/codeigniter/system/HTTP/Files/UploadedFile.php(182): mkdir('/upload/', 511, true)
#2 /opt/lampp/htdocs/codeigniter/system/HTTP/Files/UploadedFile.php(134): CodeIgniter\HTTP\Files\UploadedFile->setPath('/upload/')
#3 /opt/lampp/htdocs/codeigniter/app/Controllers/Blog.php(30): CodeIgniter\HTTP\Files\UploadedFile->move('/upload/', '1619684380_c9e3...')
#4 /opt/lampp/htdocs/codeigniter/system/CodeIgniter.php(936): App\Controllers\Blog->create()
#5 /opt/lampp/htdocs/codeigniter/system/CodeIgniter.php(432): CodeIgniter\CodeIgniter->runController(Object(App\Controllers\Blog))
#6 /opt/lampp/htdocs/codeigniter/system/CodeIgniter.php(333): CodeIgniter\CodeIgniter->handleRequest(NULL, Object(Config\Cache), false)
#7 /opt/lampp/htdocs/codeigniter/public/index.php(44): CodeIgniter\CodeIgniter->run()
#8 {main}
CRITICAL - 2021-04-29 03:25:16 --> Could not move file phpTerTrS to upload/ (Directive 'track_errors' is deprecated)
#0 /opt/lampp/htdocs/codeigniter/system/HTTP/Files/UploadedFile.php(157): CodeIgniter\HTTP\Exceptions\HTTPException::forMoveFailed('phpTerTrS', 'upload/', 'Directive 'trac...')
#1 /opt/lampp/htdocs/codeigniter/app/Controllers/Blog.php(30): CodeIgniter\HTTP\Files\UploadedFile->move('upload/', '1619684716_7d83...')
#2 /opt/lampp/htdocs/codeigniter/system/CodeIgniter.php(936): App\Controllers\Blog->create()
#3 /opt/lampp/htdocs/codeigniter/system/CodeIgniter.php(432): CodeIgniter\CodeIgniter->runController(Object(App\Controllers\Blog))
#4 /opt/lampp/htdocs/codeigniter/system/CodeIgniter.php(333): CodeIgniter\CodeIgniter->handleRequest(NULL, Object(Config\Cache), false)
#5 /opt/lampp/htdocs/codeigniter/public/index.php(44): CodeIgniter\CodeIgniter->run()
#6 {main}
CRITICAL - 2021-04-29 03:29:17 --> Could not move file phpmu80jG to upload/ ()
#0 /opt/lampp/htdocs/codeigniter/system/HTTP/Files/UploadedFile.php(157): CodeIgniter\HTTP\Exceptions\HTTPException::forMoveFailed('phpmu80jG', 'upload/', '')
#1 /opt/lampp/htdocs/codeigniter/app/Controllers/Blog.php(30): CodeIgniter\HTTP\Files\UploadedFile->move('upload/', '1619684957_1e07...')
#2 /opt/lampp/htdocs/codeigniter/system/CodeIgniter.php(936): App\Controllers\Blog->create()
#3 /opt/lampp/htdocs/codeigniter/system/CodeIgniter.php(432): CodeIgniter\CodeIgniter->runController(Object(App\Controllers\Blog))
#4 /opt/lampp/htdocs/codeigniter/system/CodeIgniter.php(333): CodeIgniter\CodeIgniter->handleRequest(NULL, Object(Config\Cache), false)
#5 /opt/lampp/htdocs/codeigniter/public/index.php(44): CodeIgniter\CodeIgniter->run()
#6 {main}
CRITICAL - 2021-04-29 03:36:39 --> Could not move file phpcVCdP7 to upload/ ()
#0 /opt/lampp/htdocs/codeigniter/system/HTTP/Files/UploadedFile.php(157): CodeIgniter\HTTP\Exceptions\HTTPException::forMoveFailed('phpcVCdP7', 'upload/', '')
#1 /opt/lampp/htdocs/codeigniter/app/Controllers/Blog.php(30): CodeIgniter\HTTP\Files\UploadedFile->move('upload/', '1619685399_f08d...')
#2 /opt/lampp/htdocs/codeigniter/system/CodeIgniter.php(936): App\Controllers\Blog->create()
#3 /opt/lampp/htdocs/codeigniter/system/CodeIgniter.php(432): CodeIgniter\CodeIgniter->runController(Object(App\Controllers\Blog))
#4 /opt/lampp/htdocs/codeigniter/system/CodeIgniter.php(333): CodeIgniter\CodeIgniter->handleRequest(NULL, Object(Config\Cache), false)
#5 /opt/lampp/htdocs/codeigniter/public/index.php(44): CodeIgniter\CodeIgniter->run()
#6 {main}
CRITICAL - 2021-04-29 03:39:23 --> Could not move file phprvKFaU to upload/ ()
#0 /opt/lampp/htdocs/codeigniter/system/HTTP/Files/UploadedFile.php(157): CodeIgniter\HTTP\Exceptions\HTTPException::forMoveFailed('phprvKFaU', 'upload/', '')
#1 /opt/lampp/htdocs/codeigniter/app/Controllers/Blog.php(30): CodeIgniter\HTTP\Files\UploadedFile->move('upload/', 'Minecraft_cover...')
#2 /opt/lampp/htdocs/codeigniter/system/CodeIgniter.php(936): App\Controllers\Blog->create()
#3 /opt/lampp/htdocs/codeigniter/system/CodeIgniter.php(432): CodeIgniter\CodeIgniter->runController(Object(App\Controllers\Blog))
#4 /opt/lampp/htdocs/codeigniter/system/CodeIgniter.php(333): CodeIgniter\CodeIgniter->handleRequest(NULL, Object(Config\Cache), false)
#5 /opt/lampp/htdocs/codeigniter/public/index.php(44): CodeIgniter\CodeIgniter->run()
#6 {main}
CRITICAL - 2021-04-29 03:39:47 --> Could not move file phpvOR9Fi to upload/ ()
#0 /opt/lampp/htdocs/codeigniter/system/HTTP/Files/UploadedFile.php(157): CodeIgniter\HTTP\Exceptions\HTTPException::forMoveFailed('phpvOR9Fi', 'upload/', '')
#1 /opt/lampp/htdocs/codeigniter/app/Controllers/Blog.php(30): CodeIgniter\HTTP\Files\UploadedFile->move('upload/', 'Minecraft_cover...')
#2 /opt/lampp/htdocs/codeigniter/system/CodeIgniter.php(936): App\Controllers\Blog->create()
#3 /opt/lampp/htdocs/codeigniter/system/CodeIgniter.php(432): CodeIgniter\CodeIgniter->runController(Object(App\Controllers\Blog))
#4 /opt/lampp/htdocs/codeigniter/system/CodeIgniter.php(333): CodeIgniter\CodeIgniter->handleRequest(NULL, Object(Config\Cache), false)
#5 /opt/lampp/htdocs/codeigniter/public/index.php(44): CodeIgniter\CodeIgniter->run()
#6 {main}
CRITICAL - 2021-04-29 03:42:11 --> Could not move file phpzBC8fu to upload/ ()
#0 /opt/lampp/htdocs/codeigniter/system/HTTP/Files/UploadedFile.php(157): CodeIgniter\HTTP\Exceptions\HTTPException::forMoveFailed('phpzBC8fu', 'upload/', '')
#1 /opt/lampp/htdocs/codeigniter/app/Controllers/Blog.php(31): CodeIgniter\HTTP\Files\UploadedFile->move('upload/', '1619685731_7dfe...')
#2 /opt/lampp/htdocs/codeigniter/system/CodeIgniter.php(936): App\Controllers\Blog->create()
#3 /opt/lampp/htdocs/codeigniter/system/CodeIgniter.php(432): CodeIgniter\CodeIgniter->runController(Object(App\Controllers\Blog))
#4 /opt/lampp/htdocs/codeigniter/system/CodeIgniter.php(333): CodeIgniter\CodeIgniter->handleRequest(NULL, Object(Config\Cache), false)
#5 /opt/lampp/htdocs/codeigniter/public/index.php(44): CodeIgniter\CodeIgniter->run()
#6 {main}
CRITICAL - 2021-04-29 04:05:53 --> mkdir(): Permission denied
#0 [internal function]: CodeIgniter\Debug\Exceptions->errorHandler(2, 'mkdir(): Permis...', '/opt/lampp/htdo...', 182, Array)
#1 /opt/lampp/htdocs/codeigniter/system/HTTP/Files/UploadedFile.php(182): mkdir('upload/', 511, true)
#2 /opt/lampp/htdocs/codeigniter/system/HTTP/Files/UploadedFile.php(134): CodeIgniter\HTTP\Files\UploadedFile->setPath('upload/')
#3 /opt/lampp/htdocs/codeigniter/app/Controllers/Blog.php(30): CodeIgniter\HTTP\Files\UploadedFile->move('upload/', '1619687153_9e1b...')
#4 /opt/lampp/htdocs/codeigniter/system/CodeIgniter.php(936): App\Controllers\Blog->create()
#5 /opt/lampp/htdocs/codeigniter/system/CodeIgniter.php(432): CodeIgniter\CodeIgniter->runController(Object(App\Controllers\Blog))
#6 /opt/lampp/htdocs/codeigniter/system/CodeIgniter.php(333): CodeIgniter\CodeIgniter->handleRequest(NULL, Object(Config\Cache), false)
#7 /opt/lampp/htdocs/codeigniter/public/index.php(44): CodeIgniter\CodeIgniter->run()
#8 {main}
CRITICAL - 2021-04-29 04:15:35 --> mkdir(): Permission denied
#0 [internal function]: CodeIgniter\Debug\Exceptions->errorHandler(2, 'mkdir(): Permis...', '/opt/lampp/htdo...', 182, Array)
#1 /opt/lampp/htdocs/codeigniter/system/HTTP/Files/UploadedFile.php(182): mkdir('upload/', 511, true)
#2 /opt/lampp/htdocs/codeigniter/system/HTTP/Files/UploadedFile.php(134): CodeIgniter\HTTP\Files\UploadedFile->setPath('upload/')
#3 /opt/lampp/htdocs/codeigniter/app/Controllers/Blog.php(35): CodeIgniter\HTTP\Files\UploadedFile->move('upload/', '1619687735_ffa9...')
#4 /opt/lampp/htdocs/codeigniter/system/CodeIgniter.php(936): App\Controllers\Blog->create()
#5 /opt/lampp/htdocs/codeigniter/system/CodeIgniter.php(432): CodeIgniter\CodeIgniter->runController(Object(App\Controllers\Blog))
#6 /opt/lampp/htdocs/codeigniter/system/CodeIgniter.php(333): CodeIgniter\CodeIgniter->handleRequest(NULL, Object(Config\Cache), false)
#7 /opt/lampp/htdocs/codeigniter/public/index.php(44): CodeIgniter\CodeIgniter->run()
#8 {main}
CRITICAL - 2021-04-29 16:27:51 --> Undefined variable: Image
#0 /opt/lampp/htdocs/codeigniter/app/Views/page/all_blogs.php(16): CodeIgniter\Debug\Exceptions->errorHandler(8, 'Undefined varia...', '/opt/lampp/htdo...', 16, Array)
#1 /opt/lampp/htdocs/codeigniter/system/View/View.php(220): include('/opt/lampp/htdo...')
#2 /opt/lampp/htdocs/codeigniter/system/View/View.php(222): CodeIgniter\View\View->CodeIgniter\View\{closure}()
#3 /opt/lampp/htdocs/codeigniter/system/Common.php(1217): CodeIgniter\View\View->render('page/all_blogs', Array, true)
#4 /opt/lampp/htdocs/codeigniter/app/Controllers/Page.php(21): view('page/all_blogs')
#5 /opt/lampp/htdocs/codeigniter/system/CodeIgniter.php(936): App\Controllers\Page->all_post()
#6 /opt/lampp/htdocs/codeigniter/system/CodeIgniter.php(432): CodeIgniter\CodeIgniter->runController(Object(App\Controllers\Page))
#7 /opt/lampp/htdocs/codeigniter/system/CodeIgniter.php(333): CodeIgniter\CodeIgniter->handleRequest(NULL, Object(Config\Cache), false)
#8 /opt/lampp/htdocs/codeigniter/public/index.php(44): CodeIgniter\CodeIgniter->run()
#9 {main}
CRITICAL - 2021-04-29 17:18:35 --> Undefined variable: post
#0 /opt/lampp/htdocs/codeigniter/app/Views/page/all_blogs.php(43): CodeIgniter\Debug\Exceptions->errorHandler(8, 'Undefined varia...', '/opt/lampp/htdo...', 43, Array)
#1 /opt/lampp/htdocs/codeigniter/system/View/View.php(220): include('/opt/lampp/htdo...')
#2 /opt/lampp/htdocs/codeigniter/system/View/View.php(222): CodeIgniter\View\View->CodeIgniter\View\{closure}()
#3 /opt/lampp/htdocs/codeigniter/system/Common.php(1217): CodeIgniter\View\View->render('page/all_blogs', Array, true)
#4 /opt/lampp/htdocs/codeigniter/app/Controllers/Page.php(21): view('page/all_blogs')
#5 /opt/lampp/htdocs/codeigniter/system/CodeIgniter.php(936): App\Controllers\Page->all_post()
#6 /opt/lampp/htdocs/codeigniter/system/CodeIgniter.php(432): CodeIgniter\CodeIgniter->runController(Object(App\Controllers\Page))
#7 /opt/lampp/htdocs/codeigniter/system/CodeIgniter.php(333): CodeIgniter\CodeIgniter->handleRequest(NULL, Object(Config\Cache), false)
#8 /opt/lampp/htdocs/codeigniter/public/index.php(44): CodeIgniter\CodeIgniter->run()
#9 {main}
CRITICAL - 2021-04-29 17:23:47 --> Undefined variable: pageTitle
#0 /opt/lampp/htdocs/codeigniter/app/Views/page/all_blogs.php(12): CodeIgniter\Debug\Exceptions->errorHandler(8, 'Undefined varia...', '/opt/lampp/htdo...', 12, Array)
#1 /opt/lampp/htdocs/codeigniter/system/View/View.php(220): include('/opt/lampp/htdo...')
#2 /opt/lampp/htdocs/codeigniter/system/View/View.php(222): CodeIgniter\View\View->CodeIgniter\View\{closure}()
#3 /opt/lampp/htdocs/codeigniter/system/Common.php(1217): CodeIgniter\View\View->render('page/all_blogs', Array, true)
#4 /opt/lampp/htdocs/codeigniter/app/Controllers/Page.php(20): view('page/all_blogs', Array)
#5 /opt/lampp/htdocs/codeigniter/system/CodeIgniter.php(936): App\Controllers\Page->all_post()
#6 /opt/lampp/htdocs/codeigniter/system/CodeIgniter.php(432): CodeIgniter\CodeIgniter->runController(Object(App\Controllers\Page))
#7 /opt/lampp/htdocs/codeigniter/system/CodeIgniter.php(333): CodeIgniter\CodeIgniter->handleRequest(NULL, Object(Config\Cache), false)
#8 /opt/lampp/htdocs/codeigniter/public/index.php(44): CodeIgniter\CodeIgniter->run()
#9 {main}
CRITICAL - 2021-04-29 18:27:54 --> Undefined variable: p
#0 /opt/lampp/htdocs/codeigniter/app/Views/page/all_blogs.php(16): CodeIgniter\Debug\Exceptions->errorHandler(8, 'Undefined varia...', '/opt/lampp/htdo...', 16, Array)
#1 /opt/lampp/htdocs/codeigniter/system/View/View.php(220): include('/opt/lampp/htdo...')
#2 /opt/lampp/htdocs/codeigniter/system/View/View.php(222): CodeIgniter\View\View->CodeIgniter\View\{closure}()
#3 /opt/lampp/htdocs/codeigniter/system/Common.php(1217): CodeIgniter\View\View->render('page/all_blogs', Array, true)
#4 /opt/lampp/htdocs/codeigniter/app/Controllers/Page.php(21): view('page/all_blogs')
#5 /opt/lampp/htdocs/codeigniter/system/CodeIgniter.php(936): App\Controllers\Page->all_post()
#6 /opt/lampp/htdocs/codeigniter/system/CodeIgniter.php(432): CodeIgniter\CodeIgniter->runController(Object(App\Controllers\Page))
#7 /opt/lampp/htdocs/codeigniter/system/CodeIgniter.php(333): CodeIgniter\CodeIgniter->handleRequest(NULL, Object(Config\Cache), false)
#8 /opt/lampp/htdocs/codeigniter/public/index.php(44): CodeIgniter\CodeIgniter->run()
#9 {main}
CRITICAL - 2021-04-29 18:30:02 --> Undefined variable: row
#0 /opt/lampp/htdocs/codeigniter/app/Views/page/all_blogs.php(18): CodeIgniter\Debug\Exceptions->errorHandler(8, 'Undefined varia...', '/opt/lampp/htdo...', 18, Array)
#1 /opt/lampp/htdocs/codeigniter/system/View/View.php(220): include('/opt/lampp/htdo...')
#2 /opt/lampp/htdocs/codeigniter/system/View/View.php(222): CodeIgniter\View\View->CodeIgniter\View\{closure}()
#3 /opt/lampp/htdocs/codeigniter/system/Common.php(1217): CodeIgniter\View\View->render('page/all_blogs', Array, true)
#4 /opt/lampp/htdocs/codeigniter/app/Controllers/Page.php(21): view('page/all_blogs')
#5 /opt/lampp/htdocs/codeigniter/system/CodeIgniter.php(936): App\Controllers\Page->all_post()
#6 /opt/lampp/htdocs/codeigniter/system/CodeIgniter.php(432): CodeIgniter\CodeIgniter->runController(Object(App\Controllers\Page))
#7 /opt/lampp/htdocs/codeigniter/system/CodeIgniter.php(333): CodeIgniter\CodeIgniter->handleRequest(NULL, Object(Config\Cache), false)
#8 /opt/lampp/htdocs/codeigniter/public/index.php(44): CodeIgniter\CodeIgniter->run()
#9 {main}
CRITICAL - 2021-04-29 18:31:30 --> Undefined variable: row
#0 /opt/lampp/htdocs/codeigniter/app/Views/page/all_blogs.php(13): CodeIgniter\Debug\Exceptions->errorHandler(8, 'Undefined varia...', '/opt/lampp/htdo...', 13, Array)
#1 /opt/lampp/htdocs/codeigniter/system/View/View.php(220): include('/opt/lampp/htdo...')
#2 /opt/lampp/htdocs/codeigniter/system/View/View.php(222): CodeIgniter\View\View->CodeIgniter\View\{closure}()
#3 /opt/lampp/htdocs/codeigniter/system/Common.php(1217): CodeIgniter\View\View->render('page/all_blogs', Array, true)
#4 /opt/lampp/htdocs/codeigniter/app/Controllers/Page.php(21): view('page/all_blogs')
#5 /opt/lampp/htdocs/codeigniter/system/CodeIgniter.php(936): App\Controllers\Page->all_post()
#6 /opt/lampp/htdocs/codeigniter/system/CodeIgniter.php(432): CodeIgniter\CodeIgniter->runController(Object(App\Controllers\Page))
#7 /opt/lampp/htdocs/codeigniter/system/CodeIgniter.php(333): CodeIgniter\CodeIgniter->handleRequest(NULL, Object(Config\Cache), false)
#8 /opt/lampp/htdocs/codeigniter/public/index.php(44): CodeIgniter\CodeIgniter->run()
#9 {main}
CRITICAL - 2021-04-29 18:46:33 --> mkdir(): Permission denied
#0 [internal function]: CodeIgniter\Debug\Exceptions->errorHandler(2, 'mkdir(): Permis...', '/opt/lampp/htdo...', 182, Array)
#1 /opt/lampp/htdocs/codeigniter/system/HTTP/Files/UploadedFile.php(182): mkdir('/upload/', 511, true)
#2 /opt/lampp/htdocs/codeigniter/system/HTTP/Files/UploadedFile.php(134): CodeIgniter\HTTP\Files\UploadedFile->setPath('/upload/')
#3 /opt/lampp/htdocs/codeigniter/app/Controllers/Blog.php(34): CodeIgniter\HTTP\Files\UploadedFile->move('/upload/', '1619739993_7993...')
#4 /opt/lampp/htdocs/codeigniter/system/CodeIgniter.php(936): App\Controllers\Blog->create()
#5 /opt/lampp/htdocs/codeigniter/system/CodeIgniter.php(432): CodeIgniter\CodeIgniter->runController(Object(App\Controllers\Blog))
#6 /opt/lampp/htdocs/codeigniter/system/CodeIgniter.php(333): CodeIgniter\CodeIgniter->handleRequest(NULL, Object(Config\Cache), false)
#7 /opt/lampp/htdocs/codeigniter/public/index.php(44): CodeIgniter\CodeIgniter->run()
#8 {main}
CRITICAL - 2021-04-29 18:49:38 --> mkdir(): Permission denied
#0 [internal function]: CodeIgniter\Debug\Exceptions->errorHandler(2, 'mkdir(): Permis...', '/opt/lampp/htdo...', 182, Array)
#1 /opt/lampp/htdocs/codeigniter/system/HTTP/Files/UploadedFile.php(182): mkdir('/upload/', 511, true)
#2 /opt/lampp/htdocs/codeigniter/system/HTTP/Files/UploadedFile.php(134): CodeIgniter\HTTP\Files\UploadedFile->setPath('/upload/')
#3 /opt/lampp/htdocs/codeigniter/app/Controllers/Blog.php(34): CodeIgniter\HTTP\Files\UploadedFile->move('/upload/', '1619740178_9b9e...')
#4 /opt/lampp/htdocs/codeigniter/system/CodeIgniter.php(936): App\Controllers\Blog->create()
#5 /opt/lampp/htdocs/codeigniter/system/CodeIgniter.php(432): CodeIgniter\CodeIgniter->runController(Object(App\Controllers\Blog))
#6 /opt/lampp/htdocs/codeigniter/system/CodeIgniter.php(333): CodeIgniter\CodeIgniter->handleRequest(NULL, Object(Config\Cache), false)
#7 /opt/lampp/htdocs/codeigniter/public/index.php(44): CodeIgniter\CodeIgniter->run()
#8 {main}
CRITICAL - 2021-04-29 18:57:19 --> mkdir(): Permission denied
#0 [internal function]: CodeIgniter\Debug\Exceptions->errorHandler(2, 'mkdir(): Permis...', '/opt/lampp/htdo...', 182, Array)
#1 /opt/lampp/htdocs/codeigniter/system/HTTP/Files/UploadedFile.php(182): mkdir('public/upload/', 511, true)
#2 /opt/lampp/htdocs/codeigniter/system/HTTP/Files/UploadedFile.php(134): CodeIgniter\HTTP\Files\UploadedFile->setPath('public/upload/')
#3 /opt/lampp/htdocs/codeigniter/app/Controllers/Blog.php(34): CodeIgniter\HTTP\Files\UploadedFile->move('public/upload/', '1619740639_a9fa...')
#4 /opt/lampp/htdocs/codeigniter/system/CodeIgniter.php(936): App\Controllers\Blog->create()
#5 /opt/lampp/htdocs/codeigniter/system/CodeIgniter.php(432): CodeIgniter\CodeIgniter->runController(Object(App\Controllers\Blog))
#6 /opt/lampp/htdocs/codeigniter/system/CodeIgniter.php(333): CodeIgniter\CodeIgniter->handleRequest(NULL, Object(Config\Cache), false)
#7 /opt/lampp/htdocs/codeigniter/public/index.php(44): CodeIgniter\CodeIgniter->run()
#8 {main}
CRITICAL - 2021-04-29 19:11:29 --> syntax error, unexpected '$p' (T_VARIABLE), expecting ')'
#0 /opt/lampp/htdocs/codeigniter/system/View/View.php(222): CodeIgniter\View\View->CodeIgniter\View\{closure}()
#1 /opt/lampp/htdocs/codeigniter/system/Common.php(1217): CodeIgniter\View\View->render('page/all_blogs', Array, true)
#2 /opt/lampp/htdocs/codeigniter/app/Controllers/Page.php(21): view('page/all_blogs')
#3 /opt/lampp/htdocs/codeigniter/system/CodeIgniter.php(936): App\Controllers\Page->all_post()
#4 /opt/lampp/htdocs/codeigniter/system/CodeIgniter.php(432): CodeIgniter\CodeIgniter->runController(Object(App\Controllers\Page))
#5 /opt/lampp/htdocs/codeigniter/system/CodeIgniter.php(333): CodeIgniter\CodeIgniter->handleRequest(NULL, Object(Config\Cache), false)
#6 /opt/lampp/htdocs/codeigniter/public/index.php(44): CodeIgniter\CodeIgniter->run()
#7 {main}
CRITICAL - 2021-04-29 19:28:40 --> syntax error, unexpected ')', expecting ',' or ';'
#0 /opt/lampp/htdocs/codeigniter/system/View/View.php(222): CodeIgniter\View\View->CodeIgniter\View\{closure}()
#1 /opt/lampp/htdocs/codeigniter/system/Common.php(1217): CodeIgniter\View\View->render('page/all_blogs', Array, true)
#2 /opt/lampp/htdocs/codeigniter/app/Controllers/Page.php(21): view('page/all_blogs')
#3 /opt/lampp/htdocs/codeigniter/system/CodeIgniter.php(936): App\Controllers\Page->all_post()
#4 /opt/lampp/htdocs/codeigniter/system/CodeIgniter.php(432): CodeIgniter\CodeIgniter->runController(Object(App\Controllers\Page))
#5 /opt/lampp/htdocs/codeigniter/system/CodeIgniter.php(333): CodeIgniter\CodeIgniter->handleRequest(NULL, Object(Config\Cache), false)
#6 /opt/lampp/htdocs/codeigniter/public/index.php(44): CodeIgniter\CodeIgniter->run()
#7 {main}
CRITICAL - 2021-04-29 19:30:31 --> syntax error, unexpected '$p' (T_VARIABLE), expecting ',' or ';'
#0 /opt/lampp/htdocs/codeigniter/system/View/View.php(222): CodeIgniter\View\View->CodeIgniter\View\{closure}()
#1 /opt/lampp/htdocs/codeigniter/system/Common.php(1217): CodeIgniter\View\View->render('page/all_blogs', Array, true)
#2 /opt/lampp/htdocs/codeigniter/app/Controllers/Page.php(21): view('page/all_blogs')
#3 /opt/lampp/htdocs/codeigniter/system/CodeIgniter.php(936): App\Controllers\Page->all_post()
#4 /opt/lampp/htdocs/codeigniter/system/CodeIgniter.php(432): CodeIgniter\CodeIgniter->runController(Object(App\Controllers\Page))
#5 /opt/lampp/htdocs/codeigniter/system/CodeIgniter.php(333): CodeIgniter\CodeIgniter->handleRequest(NULL, Object(Config\Cache), false)
#6 /opt/lampp/htdocs/codeigniter/public/index.php(44): CodeIgniter\CodeIgniter->run()
#7 {main}
CRITICAL - 2021-04-29 19:31:23 --> syntax error, unexpected '$p' (T_VARIABLE), expecting ',' or ';'
#0 /opt/lampp/htdocs/codeigniter/system/View/View.php(222): CodeIgniter\View\View->CodeIgniter\View\{closure}()
#1 /opt/lampp/htdocs/codeigniter/system/Common.php(1217): CodeIgniter\View\View->render('page/all_blogs', Array, true)
#2 /opt/lampp/htdocs/codeigniter/app/Controllers/Page.php(21): view('page/all_blogs')
#3 /opt/lampp/htdocs/codeigniter/system/CodeIgniter.php(936): App\Controllers\Page->all_post()
#4 /opt/lampp/htdocs/codeigniter/system/CodeIgniter.php(432): CodeIgniter\CodeIgniter->runController(Object(App\Controllers\Page))
#5 /opt/lampp/htdocs/codeigniter/system/CodeIgniter.php(333): CodeIgniter\CodeIgniter->handleRequest(NULL, Object(Config\Cache), false)
#6 /opt/lampp/htdocs/codeigniter/public/index.php(44): CodeIgniter\CodeIgniter->run()
#7 {main}
CRITICAL - 2021-04-29 19:35:17 --> syntax error, unexpected '$p' (T_VARIABLE), expecting ',' or ';'
#0 /opt/lampp/htdocs/codeigniter/system/View/View.php(222): CodeIgniter\View\View->CodeIgniter\View\{closure}()
#1 /opt/lampp/htdocs/codeigniter/system/Common.php(1217): CodeIgniter\View\View->render('page/all_blogs', Array, true)
#2 /opt/lampp/htdocs/codeigniter/app/Controllers/Page.php(21): view('page/all_blogs')
#3 /opt/lampp/htdocs/codeigniter/system/CodeIgniter.php(936): App\Controllers\Page->all_post()
#4 /opt/lampp/htdocs/codeigniter/system/CodeIgniter.php(432): CodeIgniter\CodeIgniter->runController(Object(App\Controllers\Page))
#5 /opt/lampp/htdocs/codeigniter/system/CodeIgniter.php(333): CodeIgniter\CodeIgniter->handleRequest(NULL, Object(Config\Cache), false)
#6 /opt/lampp/htdocs/codeigniter/public/index.php(44): CodeIgniter\CodeIgniter->run()
#7 {main}
CRITICAL - 2021-04-29 22:59:32 --> Undefined offset: 1
#0 /opt/lampp/htdocs/codeigniter/app/Views/page/home.php(27): CodeIgniter\Debug\Exceptions->errorHandler(8, 'Undefined offse...', '/opt/lampp/htdo...', 27, Array)
#1 /opt/lampp/htdocs/codeigniter/system/View/View.php(220): include('/opt/lampp/htdo...')
#2 /opt/lampp/htdocs/codeigniter/system/View/View.php(222): CodeIgniter\View\View->CodeIgniter\View\{closure}()
#3 /opt/lampp/htdocs/codeigniter/system/Common.php(1217): CodeIgniter\View\View->render('page/home', Array, true)
#4 /opt/lampp/htdocs/codeigniter/app/Controllers/Page.php(11): view('page/home')
#5 /opt/lampp/htdocs/codeigniter/system/CodeIgniter.php(936): App\Controllers\Page->index()
#6 /opt/lampp/htdocs/codeigniter/system/CodeIgniter.php(432): CodeIgniter\CodeIgniter->runController(Object(App\Controllers\Page))
#7 /opt/lampp/htdocs/codeigniter/system/CodeIgniter.php(333): CodeIgniter\CodeIgniter->handleRequest(NULL, Object(Config\Cache), false)
#8 /opt/lampp/htdocs/codeigniter/public/index.php(44): CodeIgniter\CodeIgniter->run()
#9 {main}
CRITICAL - 2021-04-29 23:00:08 --> Undefined offset: 1
#0 /opt/lampp/htdocs/codeigniter/app/Views/page/home.php(27): CodeIgniter\Debug\Exceptions->errorHandler(8, 'Undefined offse...', '/opt/lampp/htdo...', 27, Array)
#1 /opt/lampp/htdocs/codeigniter/system/View/View.php(220): include('/opt/lampp/htdo...')
#2 /opt/lampp/htdocs/codeigniter/system/View/View.php(222): CodeIgniter\View\View->CodeIgniter\View\{closure}()
#3 /opt/lampp/htdocs/codeigniter/system/Common.php(1217): CodeIgniter\View\View->render('page/home', Array, true)
#4 /opt/lampp/htdocs/codeigniter/app/Controllers/Page.php(11): view('page/home')
#5 /opt/lampp/htdocs/codeigniter/system/CodeIgniter.php(936): App\Controllers\Page->index()
#6 /opt/lampp/htdocs/codeigniter/system/CodeIgniter.php(432): CodeIgniter\CodeIgniter->runController(Object(App\Controllers\Page))
#7 /opt/lampp/htdocs/codeigniter/system/CodeIgniter.php(333): CodeIgniter\CodeIgniter->handleRequest(NULL, Object(Config\Cache), false)
#8 /opt/lampp/htdocs/codeigniter/public/index.php(44): CodeIgniter\CodeIgniter->run()
#9 {main}
CRITICAL - 2021-04-29 23:00:12 --> Undefined offset: 1
#0 /opt/lampp/htdocs/codeigniter/app/Views/page/home.php(27): CodeIgniter\Debug\Exceptions->errorHandler(8, 'Undefined offse...', '/opt/lampp/htdo...', 27, Array)
#1 /opt/lampp/htdocs/codeigniter/system/View/View.php(220): include('/opt/lampp/htdo...')
#2 /opt/lampp/htdocs/codeigniter/system/View/View.php(222): CodeIgniter\View\View->CodeIgniter\View\{closure}()
#3 /opt/lampp/htdocs/codeigniter/system/Common.php(1217): CodeIgniter\View\View->render('page/home', Array, true)
#4 /opt/lampp/htdocs/codeigniter/app/Controllers/Page.php(11): view('page/home')
#5 /opt/lampp/htdocs/codeigniter/system/CodeIgniter.php(936): App\Controllers\Page->index()
#6 /opt/lampp/htdocs/codeigniter/system/CodeIgniter.php(432): CodeIgniter\CodeIgniter->runController(Object(App\Controllers\Page))
#7 /opt/lampp/htdocs/codeigniter/system/CodeIgniter.php(333): CodeIgniter\CodeIgniter->handleRequest(NULL, Object(Config\Cache), false)
#8 /opt/lampp/htdocs/codeigniter/public/index.php(44): CodeIgniter\CodeIgniter->run()
#9 {main}
CRITICAL - 2021-04-29 23:01:23 --> Undefined offset: 2
#0 /opt/lampp/htdocs/codeigniter/app/Views/page/home.php(27): CodeIgniter\Debug\Exceptions->errorHandler(8, 'Undefined offse...', '/opt/lampp/htdo...', 27, Array)
#1 /opt/lampp/htdocs/codeigniter/system/View/View.php(220): include('/opt/lampp/htdo...')
#2 /opt/lampp/htdocs/codeigniter/system/View/View.php(222): CodeIgniter\View\View->CodeIgniter\View\{closure}()
#3 /opt/lampp/htdocs/codeigniter/system/Common.php(1217): CodeIgniter\View\View->render('page/home', Array, true)
#4 /opt/lampp/htdocs/codeigniter/app/Controllers/Page.php(11): view('page/home')
#5 /opt/lampp/htdocs/codeigniter/system/CodeIgniter.php(936): App\Controllers\Page->index()
#6 /opt/lampp/htdocs/codeigniter/system/CodeIgniter.php(432): CodeIgniter\CodeIgniter->runController(Object(App\Controllers\Page))
#7 /opt/lampp/htdocs/codeigniter/system/CodeIgniter.php(333): CodeIgniter\CodeIgniter->handleRequest(NULL, Object(Config\Cache), false)
#8 /opt/lampp/htdocs/codeigniter/public/index.php(44): CodeIgniter\CodeIgniter->run()
#9 {main}
CRITICAL - 2021-04-29 23:01:46 --> Undefined offset: 3
#0 /opt/lampp/htdocs/codeigniter/app/Views/page/home.php(27): CodeIgniter\Debug\Exceptions->errorHandler(8, 'Undefined offse...', '/opt/lampp/htdo...', 27, Array)
#1 /opt/lampp/htdocs/codeigniter/system/View/View.php(220): include('/opt/lampp/htdo...')
#2 /opt/lampp/htdocs/codeigniter/system/View/View.php(222): CodeIgniter\View\View->CodeIgniter\View\{closure}()
#3 /opt/lampp/htdocs/codeigniter/system/Common.php(1217): CodeIgniter\View\View->render('page/home', Array, true)
#4 /opt/lampp/htdocs/codeigniter/app/Controllers/Page.php(11): view('page/home')
#5 /opt/lampp/htdocs/codeigniter/system/CodeIgniter.php(936): App\Controllers\Page->index()
#6 /opt/lampp/htdocs/codeigniter/system/CodeIgniter.php(432): CodeIgniter\CodeIgniter->runController(Object(App\Controllers\Page))
#7 /opt/lampp/htdocs/codeigniter/system/CodeIgniter.php(333): CodeIgniter\CodeIgniter->handleRequest(NULL, Object(Config\Cache), false)
#8 /opt/lampp/htdocs/codeigniter/public/index.php(44): CodeIgniter\CodeIgniter->run()
#9 {main}
CRITICAL - 2021-04-29 23:02:09 --> Undefined offset: 4
#0 /opt/lampp/htdocs/codeigniter/app/Views/page/home.php(27): CodeIgniter\Debug\Exceptions->errorHandler(8, 'Undefined offse...', '/opt/lampp/htdo...', 27, Array)
#1 /opt/lampp/htdocs/codeigniter/system/View/View.php(220): include('/opt/lampp/htdo...')
#2 /opt/lampp/htdocs/codeigniter/system/View/View.php(222): CodeIgniter\View\View->CodeIgniter\View\{closure}()
#3 /opt/lampp/htdocs/codeigniter/system/Common.php(1217): CodeIgniter\View\View->render('page/home', Array, true)
#4 /opt/lampp/htdocs/codeigniter/app/Controllers/Page.php(11): view('page/home')
#5 /opt/lampp/htdocs/codeigniter/system/CodeIgniter.php(936): App\Controllers\Page->index()
#6 /opt/lampp/htdocs/codeigniter/system/CodeIgniter.php(432): CodeIgniter\CodeIgniter->runController(Object(App\Controllers\Page))
#7 /opt/lampp/htdocs/codeigniter/system/CodeIgniter.php(333): CodeIgniter\CodeIgniter->handleRequest(NULL, Object(Config\Cache), false)
#8 /opt/lampp/htdocs/codeigniter/public/index.php(44): CodeIgniter\CodeIgniter->run()
#9 {main}
ERROR - 2021-04-29 23:02:28 --> mysqli_sql_exception: Column 'tag' cannot be null in /opt/lampp/htdocs/codeigniter/system/Database/MySQLi/Connection.php:314
Stack trace:
#0 /opt/lampp/htdocs/codeigniter/system/Database/MySQLi/Connection.php(314): mysqli->query('INSERT INTO `po...')
#1 /opt/lampp/htdocs/codeigniter/system/Database/BaseConnection.php(713): CodeIgniter\Database\MySQLi\Connection->execute('INSERT INTO `po...')
#2 /opt/lampp/htdocs/codeigniter/system/Database/BaseConnection.php(641): CodeIgniter\Database\BaseConnection->simpleQuery('INSERT INTO `po...')
#3 /opt/lampp/htdocs/codeigniter/system/Database/BaseBuilder.php(2263): CodeIgniter\Database\BaseConnection->query('INSERT INTO `po...', Array, false)
#4 /opt/lampp/htdocs/codeigniter/system/Model.php(278): CodeIgniter\Database\BaseBuilder->insert()
#5 /opt/lampp/htdocs/codeigniter/system/BaseModel.php(758): CodeIgniter\Model->doInsert(Array)
#6 /opt/lampp/htdocs/codeigniter/system/Model.php(705): CodeIgniter\BaseModel->insert(Array, false)
#7 /opt/lampp/htdocs/codeigniter/system/BaseModel.php(667): CodeIgniter\Model->insert(Array, false)
#8 /opt/lampp/htdocs/codeigniter/app/Controllers/Blog.php(40): CodeIgniter\BaseModel->save(Array)
#9 /opt/lampp/htdocs/codeigniter/system/CodeIgniter.php(936): App\Controllers\Blog->create()
#10 /opt/lampp/htdocs/codeigniter/system/CodeIgniter.php(432): CodeIgniter\CodeIgniter->runController(Object(App\Controllers\Blog))
#11 /opt/lampp/htdocs/codeigniter/system/CodeIgniter.php(333): CodeIgniter\CodeIgniter->handleRequest(NULL, Object(Config\Cache), false)
#12 /opt/lampp/htdocs/codeigniter/public/index.php(44): CodeIgniter\CodeIgniter->run()
#13 {main}
CRITICAL - 2021-04-29 23:02:28 --> Column 'tag' cannot be null
#0 /opt/lampp/htdocs/codeigniter/system/Database/MySQLi/Connection.php(314): mysqli->query('INSERT INTO `po...')
#1 /opt/lampp/htdocs/codeigniter/system/Database/BaseConnection.php(713): CodeIgniter\Database\MySQLi\Connection->execute('INSERT INTO `po...')
#2 /opt/lampp/htdocs/codeigniter/system/Database/BaseConnection.php(641): CodeIgniter\Database\BaseConnection->simpleQuery('INSERT INTO `po...')
#3 /opt/lampp/htdocs/codeigniter/system/Database/BaseBuilder.php(2263): CodeIgniter\Database\BaseConnection->query('INSERT INTO `po...', Array, false)
#4 /opt/lampp/htdocs/codeigniter/system/Model.php(278): CodeIgniter\Database\BaseBuilder->insert()
#5 /opt/lampp/htdocs/codeigniter/system/BaseModel.php(758): CodeIgniter\Model->doInsert(Array)
#6 /opt/lampp/htdocs/codeigniter/system/Model.php(705): CodeIgniter\BaseModel->insert(Array, false)
#7 /opt/lampp/htdocs/codeigniter/system/BaseModel.php(667): CodeIgniter\Model->insert(Array, false)
#8 /opt/lampp/htdocs/codeigniter/app/Controllers/Blog.php(40): CodeIgniter\BaseModel->save(Array)
#9 /opt/lampp/htdocs/codeigniter/system/CodeIgniter.php(936): App\Controllers\Blog->create()
#10 /opt/lampp/htdocs/codeigniter/system/CodeIgniter.php(432): CodeIgniter\CodeIgniter->runController(Object(App\Controllers\Blog))
#11 /opt/lampp/htdocs/codeigniter/system/CodeIgniter.php(333): CodeIgniter\CodeIgniter->handleRequest(NULL, Object(Config\Cache), false)
#12 /opt/lampp/htdocs/codeigniter/public/index.php(44): CodeIgniter\CodeIgniter->run()
#13 {main}
CRITICAL - 2021-04-29 23:02:41 --> Undefined offset: 4
#0 /opt/lampp/htdocs/codeigniter/app/Views/page/home.php(27): CodeIgniter\Debug\Exceptions->errorHandler(8, 'Undefined offse...', '/opt/lampp/htdo...', 27, Array)
#1 /opt/lampp/htdocs/codeigniter/system/View/View.php(220): include('/opt/lampp/htdo...')
#2 /opt/lampp/htdocs/codeigniter/system/View/View.php(222): CodeIgniter\View\View->CodeIgniter\View\{closure}()
#3 /opt/lampp/htdocs/codeigniter/system/Common.php(1217): CodeIgniter\View\View->render('page/home', Array, true)
#4 /opt/lampp/htdocs/codeigniter/app/Controllers/Page.php(11): view('page/home')
#5 /opt/lampp/htdocs/codeigniter/system/CodeIgniter.php(936): App\Controllers\Page->index()
#6 /opt/lampp/htdocs/codeigniter/system/CodeIgniter.php(432): CodeIgniter\CodeIgniter->runController(Object(App\Controllers\Page))
#7 /opt/lampp/htdocs/codeigniter/system/CodeIgniter.php(333): CodeIgniter\CodeIgniter->handleRequest(NULL, Object(Config\Cache), false)
#8 /opt/lampp/htdocs/codeigniter/public/index.php(44): CodeIgniter\CodeIgniter->run()
#9 {main}
