CRITICAL - 2021-04-30 00:42:26 --> Undefined variable: i
#0 /opt/lampp/htdocs/codeigniter/app/Views/page/home.php(32): CodeIgniter\Debug\Exceptions->errorHandler(8, 'Undefined varia...', '/opt/lampp/htdo...', 32, Array)
#1 /opt/lampp/htdocs/codeigniter/system/View/View.php(220): include('/opt/lampp/htdo...')
#2 /opt/lampp/htdocs/codeigniter/system/View/View.php(222): CodeIgniter\View\View->CodeIgniter\View\{closure}()
#3 /opt/lampp/htdocs/codeigniter/system/Common.php(1217): CodeIgniter\View\View->render('page/home', Array, true)
#4 /opt/lampp/htdocs/codeigniter/app/Controllers/Page.php(11): view('page/home')
#5 /opt/lampp/htdocs/codeigniter/system/CodeIgniter.php(936): App\Controllers\Page->index()
#6 /opt/lampp/htdocs/codeigniter/system/CodeIgniter.php(432): CodeIgniter\CodeIgniter->runController(Object(App\Controllers\Page))
#7 /opt/lampp/htdocs/codeigniter/system/CodeIgniter.php(333): CodeIgniter\CodeIgniter->handleRequest(NULL, Object(Config\Cache), false)
#8 /opt/lampp/htdocs/codeigniter/public/index.php(44): CodeIgniter\CodeIgniter->run()
#9 {main}
CRITICAL - 2021-04-30 00:52:49 --> syntax error, unexpected 'if' (T_IF)
#0 /opt/lampp/htdocs/codeigniter/system/View/View.php(222): CodeIgniter\View\View->CodeIgniter\View\{closure}()
#1 /opt/lampp/htdocs/codeigniter/system/Common.php(1217): CodeIgniter\View\View->render('page/home', Array, true)
#2 /opt/lampp/htdocs/codeigniter/app/Controllers/Page.php(11): view('page/home')
#3 /opt/lampp/htdocs/codeigniter/system/CodeIgniter.php(936): App\Controllers\Page->index()
#4 /opt/lampp/htdocs/codeigniter/system/CodeIgniter.php(432): CodeIgniter\CodeIgniter->runController(Object(App\Controllers\Page))
#5 /opt/lampp/htdocs/codeigniter/system/CodeIgniter.php(333): CodeIgniter\CodeIgniter->handleRequest(NULL, Object(Config\Cache), false)
#6 /opt/lampp/htdocs/codeigniter/public/index.php(44): CodeIgniter\CodeIgniter->run()
#7 {main}
CRITICAL - 2021-04-30 00:53:07 --> syntax error, unexpected '$news' (T_VARIABLE), expecting '('
#0 /opt/lampp/htdocs/codeigniter/system/View/View.php(222): CodeIgniter\View\View->CodeIgniter\View\{closure}()
#1 /opt/lampp/htdocs/codeigniter/system/Common.php(1217): CodeIgniter\View\View->render('page/home', Array, true)
#2 /opt/lampp/htdocs/codeigniter/app/Controllers/Page.php(11): view('page/home')
#3 /opt/lampp/htdocs/codeigniter/system/CodeIgniter.php(936): App\Controllers\Page->index()
#4 /opt/lampp/htdocs/codeigniter/system/CodeIgniter.php(432): CodeIgniter\CodeIgniter->runController(Object(App\Controllers\Page))
#5 /opt/lampp/htdocs/codeigniter/system/CodeIgniter.php(333): CodeIgniter\CodeIgniter->handleRequest(NULL, Object(Config\Cache), false)
#6 /opt/lampp/htdocs/codeigniter/public/index.php(44): CodeIgniter\CodeIgniter->run()
#7 {main}
CRITICAL - 2021-04-30 00:53:23 --> syntax error, unexpected '==' (T_IS_EQUAL)
#0 /opt/lampp/htdocs/codeigniter/system/View/View.php(222): CodeIgniter\View\View->CodeIgniter\View\{closure}()
#1 /opt/lampp/htdocs/codeigniter/system/Common.php(1217): CodeIgniter\View\View->render('page/home', Array, true)
#2 /opt/lampp/htdocs/codeigniter/app/Controllers/Page.php(11): view('page/home')
#3 /opt/lampp/htdocs/codeigniter/system/CodeIgniter.php(936): App\Controllers\Page->index()
#4 /opt/lampp/htdocs/codeigniter/system/CodeIgniter.php(432): CodeIgniter\CodeIgniter->runController(Object(App\Controllers\Page))
#5 /opt/lampp/htdocs/codeigniter/system/CodeIgniter.php(333): CodeIgniter\CodeIgniter->handleRequest(NULL, Object(Config\Cache), false)
#6 /opt/lampp/htdocs/codeigniter/public/index.php(44): CodeIgniter\CodeIgniter->run()
#7 {main}
CRITICAL - 2021-04-30 00:54:22 --> syntax error, unexpected '==' (T_IS_EQUAL)
#0 /opt/lampp/htdocs/codeigniter/system/View/View.php(222): CodeIgniter\View\View->CodeIgniter\View\{closure}()
#1 /opt/lampp/htdocs/codeigniter/system/Common.php(1217): CodeIgniter\View\View->render('page/home', Array, true)
#2 /opt/lampp/htdocs/codeigniter/app/Controllers/Page.php(11): view('page/home')
#3 /opt/lampp/htdocs/codeigniter/system/CodeIgniter.php(936): App\Controllers\Page->index()
#4 /opt/lampp/htdocs/codeigniter/system/CodeIgniter.php(432): CodeIgniter\CodeIgniter->runController(Object(App\Controllers\Page))
#5 /opt/lampp/htdocs/codeigniter/system/CodeIgniter.php(333): CodeIgniter\CodeIgniter->handleRequest(NULL, Object(Config\Cache), false)
#6 /opt/lampp/htdocs/codeigniter/public/index.php(44): CodeIgniter\CodeIgniter->run()
#7 {main}
CRITICAL - 2021-04-30 00:56:03 --> syntax error, unexpected '==' (T_IS_EQUAL)
#0 /opt/lampp/htdocs/codeigniter/system/View/View.php(222): CodeIgniter\View\View->CodeIgniter\View\{closure}()
#1 /opt/lampp/htdocs/codeigniter/system/Common.php(1217): CodeIgniter\View\View->render('page/home', Array, true)
#2 /opt/lampp/htdocs/codeigniter/app/Controllers/Page.php(11): view('page/home')
#3 /opt/lampp/htdocs/codeigniter/system/CodeIgniter.php(936): App\Controllers\Page->index()
#4 /opt/lampp/htdocs/codeigniter/system/CodeIgniter.php(432): CodeIgniter\CodeIgniter->runController(Object(App\Controllers\Page))
#5 /opt/lampp/htdocs/codeigniter/system/CodeIgniter.php(333): CodeIgniter\CodeIgniter->handleRequest(NULL, Object(Config\Cache), false)
#6 /opt/lampp/htdocs/codeigniter/public/index.php(44): CodeIgniter\CodeIgniter->run()
#7 {main}
CRITICAL - 2021-04-30 00:56:04 --> syntax error, unexpected '==' (T_IS_EQUAL)
#0 /opt/lampp/htdocs/codeigniter/system/View/View.php(222): CodeIgniter\View\View->CodeIgniter\View\{closure}()
#1 /opt/lampp/htdocs/codeigniter/system/Common.php(1217): CodeIgniter\View\View->render('page/home', Array, true)
#2 /opt/lampp/htdocs/codeigniter/app/Controllers/Page.php(11): view('page/home')
#3 /opt/lampp/htdocs/codeigniter/system/CodeIgniter.php(936): App\Controllers\Page->index()
#4 /opt/lampp/htdocs/codeigniter/system/CodeIgniter.php(432): CodeIgniter\CodeIgniter->runController(Object(App\Controllers\Page))
#5 /opt/lampp/htdocs/codeigniter/system/CodeIgniter.php(333): CodeIgniter\CodeIgniter->handleRequest(NULL, Object(Config\Cache), false)
#6 /opt/lampp/htdocs/codeigniter/public/index.php(44): CodeIgniter\CodeIgniter->run()
#7 {main}
CRITICAL - 2021-04-30 01:01:31 --> Use of undefined constant success - assumed 'success' (this will throw an Error in a future version of PHP)
#0 /opt/lampp/htdocs/codeigniter/app/Views/page/home.php(33): CodeIgniter\Debug\Exceptions->errorHandler(2, 'Use of undefine...', '/opt/lampp/htdo...', 33, Array)
#1 /opt/lampp/htdocs/codeigniter/system/View/View.php(220): include('/opt/lampp/htdo...')
#2 /opt/lampp/htdocs/codeigniter/system/View/View.php(222): CodeIgniter\View\View->CodeIgniter\View\{closure}()
#3 /opt/lampp/htdocs/codeigniter/system/Common.php(1217): CodeIgniter\View\View->render('page/home', Array, true)
#4 /opt/lampp/htdocs/codeigniter/app/Controllers/Page.php(11): view('page/home')
#5 /opt/lampp/htdocs/codeigniter/system/CodeIgniter.php(936): App\Controllers\Page->index()
#6 /opt/lampp/htdocs/codeigniter/system/CodeIgniter.php(432): CodeIgniter\CodeIgniter->runController(Object(App\Controllers\Page))
#7 /opt/lampp/htdocs/codeigniter/system/CodeIgniter.php(333): CodeIgniter\CodeIgniter->handleRequest(NULL, Object(Config\Cache), false)
#8 /opt/lampp/htdocs/codeigniter/public/index.php(44): CodeIgniter\CodeIgniter->run()
#9 {main}
CRITICAL - 2021-04-30 01:04:24 --> syntax error, unexpected 'if' (T_IF), expecting ':'
#0 /opt/lampp/htdocs/codeigniter/system/View/View.php(222): CodeIgniter\View\View->CodeIgniter\View\{closure}()
#1 /opt/lampp/htdocs/codeigniter/system/Common.php(1217): CodeIgniter\View\View->render('page/home', Array, true)
#2 /opt/lampp/htdocs/codeigniter/app/Controllers/Page.php(11): view('page/home')
#3 /opt/lampp/htdocs/codeigniter/system/CodeIgniter.php(936): App\Controllers\Page->index()
#4 /opt/lampp/htdocs/codeigniter/system/CodeIgniter.php(432): CodeIgniter\CodeIgniter->runController(Object(App\Controllers\Page))
#5 /opt/lampp/htdocs/codeigniter/system/CodeIgniter.php(333): CodeIgniter\CodeIgniter->handleRequest(NULL, Object(Config\Cache), false)
#6 /opt/lampp/htdocs/codeigniter/public/index.php(44): CodeIgniter\CodeIgniter->run()
#7 {main}
CRITICAL - 2021-04-30 01:05:39 --> syntax error, unexpected 'endif' (T_ENDIF)
#0 /opt/lampp/htdocs/codeigniter/system/View/View.php(222): CodeIgniter\View\View->CodeIgniter\View\{closure}()
#1 /opt/lampp/htdocs/codeigniter/system/Common.php(1217): CodeIgniter\View\View->render('page/home', Array, true)
#2 /opt/lampp/htdocs/codeigniter/app/Controllers/Page.php(11): view('page/home')
#3 /opt/lampp/htdocs/codeigniter/system/CodeIgniter.php(936): App\Controllers\Page->index()
#4 /opt/lampp/htdocs/codeigniter/system/CodeIgniter.php(432): CodeIgniter\CodeIgniter->runController(Object(App\Controllers\Page))
#5 /opt/lampp/htdocs/codeigniter/system/CodeIgniter.php(333): CodeIgniter\CodeIgniter->handleRequest(NULL, Object(Config\Cache), false)
#6 /opt/lampp/htdocs/codeigniter/public/index.php(44): CodeIgniter\CodeIgniter->run()
#7 {main}
CRITICAL - 2021-04-30 01:13:53 --> Undefined variable: p
#0 /opt/lampp/htdocs/codeigniter/app/Views/page/home.php(47): CodeIgniter\Debug\Exceptions->errorHandler(8, 'Undefined varia...', '/opt/lampp/htdo...', 47, Array)
#1 /opt/lampp/htdocs/codeigniter/system/View/View.php(220): include('/opt/lampp/htdo...')
#2 /opt/lampp/htdocs/codeigniter/system/View/View.php(222): CodeIgniter\View\View->CodeIgniter\View\{closure}()
#3 /opt/lampp/htdocs/codeigniter/system/Common.php(1217): CodeIgniter\View\View->render('page/home', Array, true)
#4 /opt/lampp/htdocs/codeigniter/app/Controllers/Page.php(11): view('page/home')
#5 /opt/lampp/htdocs/codeigniter/system/CodeIgniter.php(936): App\Controllers\Page->index()
#6 /opt/lampp/htdocs/codeigniter/system/CodeIgniter.php(432): CodeIgniter\CodeIgniter->runController(Object(App\Controllers\Page))
#7 /opt/lampp/htdocs/codeigniter/system/CodeIgniter.php(333): CodeIgniter\CodeIgniter->handleRequest(NULL, Object(Config\Cache), false)
#8 /opt/lampp/htdocs/codeigniter/public/index.php(44): CodeIgniter\CodeIgniter->run()
#9 {main}
CRITICAL - 2021-04-30 01:15:30 --> Undefined variable: p
#0 /opt/lampp/htdocs/codeigniter/app/Views/page/home.php(47): CodeIgniter\Debug\Exceptions->errorHandler(8, 'Undefined varia...', '/opt/lampp/htdo...', 47, Array)
#1 /opt/lampp/htdocs/codeigniter/system/View/View.php(220): include('/opt/lampp/htdo...')
#2 /opt/lampp/htdocs/codeigniter/system/View/View.php(222): CodeIgniter\View\View->CodeIgniter\View\{closure}()
#3 /opt/lampp/htdocs/codeigniter/system/Common.php(1217): CodeIgniter\View\View->render('page/home', Array, true)
#4 /opt/lampp/htdocs/codeigniter/app/Controllers/Page.php(11): view('page/home')
#5 /opt/lampp/htdocs/codeigniter/system/CodeIgniter.php(936): App\Controllers\Page->index()
#6 /opt/lampp/htdocs/codeigniter/system/CodeIgniter.php(432): CodeIgniter\CodeIgniter->runController(Object(App\Controllers\Page))
#7 /opt/lampp/htdocs/codeigniter/system/CodeIgniter.php(333): CodeIgniter\CodeIgniter->handleRequest(NULL, Object(Config\Cache), false)
#8 /opt/lampp/htdocs/codeigniter/public/index.php(44): CodeIgniter\CodeIgniter->run()
#9 {main}
CRITICAL - 2021-04-30 01:51:22 --> Undefined variable: news
#0 /opt/lampp/htdocs/codeigniter/app/Views/page/all_blogs.php(18): CodeIgniter\Debug\Exceptions->errorHandler(8, 'Undefined varia...', '/opt/lampp/htdo...', 18, Array)
#1 /opt/lampp/htdocs/codeigniter/system/View/View.php(220): include('/opt/lampp/htdo...')
#2 /opt/lampp/htdocs/codeigniter/system/View/View.php(222): CodeIgniter\View\View->CodeIgniter\View\{closure}()
#3 /opt/lampp/htdocs/codeigniter/system/Common.php(1217): CodeIgniter\View\View->render('page/all_blogs', Array, true)
#4 /opt/lampp/htdocs/codeigniter/app/Controllers/Page.php(21): view('page/all_blogs')
#5 /opt/lampp/htdocs/codeigniter/system/CodeIgniter.php(936): App\Controllers\Page->all_post()
#6 /opt/lampp/htdocs/codeigniter/system/CodeIgniter.php(432): CodeIgniter\CodeIgniter->runController(Object(App\Controllers\Page))
#7 /opt/lampp/htdocs/codeigniter/system/CodeIgniter.php(333): CodeIgniter\CodeIgniter->handleRequest(NULL, Object(Config\Cache), false)
#8 /opt/lampp/htdocs/codeigniter/public/index.php(44): CodeIgniter\CodeIgniter->run()
#9 {main}
CRITICAL - 2021-04-30 03:01:43 --> Undefined index: title
#0 /opt/lampp/htdocs/codeigniter/app/Views/blog/post.php(4): CodeIgniter\Debug\Exceptions->errorHandler(8, 'Undefined index...', '/opt/lampp/htdo...', 4, Array)
#1 /opt/lampp/htdocs/codeigniter/system/View/View.php(220): include('/opt/lampp/htdo...')
#2 /opt/lampp/htdocs/codeigniter/system/View/View.php(222): CodeIgniter\View\View->CodeIgniter\View\{closure}()
#3 /opt/lampp/htdocs/codeigniter/system/Common.php(1217): CodeIgniter\View\View->render('blog/post', Array, true)
#4 /opt/lampp/htdocs/codeigniter/app/Controllers/Blog.php(12): view('blog/post')
#5 /opt/lampp/htdocs/codeigniter/system/CodeIgniter.php(936): App\Controllers\Blog->post('2')
#6 /opt/lampp/htdocs/codeigniter/system/CodeIgniter.php(432): CodeIgniter\CodeIgniter->runController(Object(App\Controllers\Blog))
#7 /opt/lampp/htdocs/codeigniter/system/CodeIgniter.php(333): CodeIgniter\CodeIgniter->handleRequest(NULL, Object(Config\Cache), false)
#8 /opt/lampp/htdocs/codeigniter/public/index.php(44): CodeIgniter\CodeIgniter->run()
#9 {main}
CRITICAL - 2021-04-30 03:01:43 --> Undefined index: title
#0 /opt/lampp/htdocs/codeigniter/app/Views/blog/post.php(4): CodeIgniter\Debug\Exceptions->errorHandler(8, 'Undefined index...', '/opt/lampp/htdo...', 4, Array)
#1 /opt/lampp/htdocs/codeigniter/system/View/View.php(220): include('/opt/lampp/htdo...')
#2 /opt/lampp/htdocs/codeigniter/system/View/View.php(222): CodeIgniter\View\View->CodeIgniter\View\{closure}()
#3 /opt/lampp/htdocs/codeigniter/system/Common.php(1217): CodeIgniter\View\View->render('blog/post', Array, true)
#4 /opt/lampp/htdocs/codeigniter/app/Controllers/Blog.php(12): view('blog/post')
#5 /opt/lampp/htdocs/codeigniter/system/CodeIgniter.php(936): App\Controllers\Blog->post('asset', 'style.css')
#6 /opt/lampp/htdocs/codeigniter/system/CodeIgniter.php(432): CodeIgniter\CodeIgniter->runController(Object(App\Controllers\Blog))
#7 /opt/lampp/htdocs/codeigniter/system/CodeIgniter.php(333): CodeIgniter\CodeIgniter->handleRequest(NULL, Object(Config\Cache), false)
#8 /opt/lampp/htdocs/codeigniter/public/index.php(44): CodeIgniter\CodeIgniter->run()
#9 {main}
ERROR - 2021-04-30 03:17:03 --> mysqli_sql_exception: No database selected in /opt/lampp/htdocs/codeigniter/system/Database/MySQLi/Connection.php:314
Stack trace:
#0 /opt/lampp/htdocs/codeigniter/system/Database/MySQLi/Connection.php(314): mysqli->query('SELECT COUNT(*)...')
#1 /opt/lampp/htdocs/codeigniter/system/Database/BaseConnection.php(713): CodeIgniter\Database\MySQLi\Connection->execute('SELECT COUNT(*)...')
#2 /opt/lampp/htdocs/codeigniter/system/Database/BaseConnection.php(641): CodeIgniter\Database\BaseConnection->simpleQuery('SELECT COUNT(*)...')
#3 /opt/lampp/htdocs/codeigniter/system/Database/BaseBuilder.php(1966): CodeIgniter\Database\BaseConnection->query('SELECT COUNT(*)...', Array, false)
#4 /opt/lampp/htdocs/codeigniter/system/Model.php(570): CodeIgniter\Database\BaseBuilder->countAllResults(false)
#5 /opt/lampp/htdocs/codeigniter/system/BaseModel.php(1140): CodeIgniter\Model->countAllResults(false)
#6 /opt/lampp/htdocs/codeigniter/app/Controllers/Page.php(26): CodeIgniter\BaseModel->paginate(6, 'post')
#7 /opt/lampp/htdocs/codeigniter/system/CodeIgniter.php(936): App\Controllers\Page->all_post()
#8 /opt/lampp/htdocs/codeigniter/system/CodeIgniter.php(432): CodeIgniter\CodeIgniter->runController(Object(App\Controllers\Page))
#9 /opt/lampp/htdocs/codeigniter/system/CodeIgniter.php(333): CodeIgniter\CodeIgniter->handleRequest(NULL, Object(Config\Cache), false)
#10 /opt/lampp/htdocs/codeigniter/public/index.php(44): CodeIgniter\CodeIgniter->run()
#11 {main}
ERROR - 2021-04-30 03:17:03 --> mysqli_sql_exception: No database selected in /opt/lampp/htdocs/codeigniter/system/Database/MySQLi/Connection.php:314
Stack trace:
#0 /opt/lampp/htdocs/codeigniter/system/Database/MySQLi/Connection.php(314): mysqli->query('SELECT *\nFROM `...')
#1 /opt/lampp/htdocs/codeigniter/system/Database/BaseConnection.php(713): CodeIgniter\Database\MySQLi\Connection->execute('SELECT *\nFROM `...')
#2 /opt/lampp/htdocs/codeigniter/system/Database/BaseConnection.php(641): CodeIgniter\Database\BaseConnection->simpleQuery('SELECT *\nFROM `...')
#3 /opt/lampp/htdocs/codeigniter/system/Database/BaseBuilder.php(1866): CodeIgniter\Database\BaseConnection->query('SELECT *\nFROM `...', Array, false)
#4 /opt/lampp/htdocs/codeigniter/system/Model.php(213): CodeIgniter\Database\BaseBuilder->get()
#5 /opt/lampp/htdocs/codeigniter/system/BaseModel.php(583): CodeIgniter\Model->doFindAll(6, 0)
#6 /opt/lampp/htdocs/codeigniter/system/BaseModel.php(1144): CodeIgniter\BaseModel->findAll(6, 0)
#7 /opt/lampp/htdocs/codeigniter/app/Controllers/Page.php(26): CodeIgniter\BaseModel->paginate(6, 'post')
#8 /opt/lampp/htdocs/codeigniter/system/CodeIgniter.php(936): App\Controllers\Page->all_post()
#9 /opt/lampp/htdocs/codeigniter/system/CodeIgniter.php(432): CodeIgniter\CodeIgniter->runController(Object(App\Controllers\Page))
#10 /opt/lampp/htdocs/codeigniter/system/CodeIgniter.php(333): CodeIgniter\CodeIgniter->handleRequest(NULL, Object(Config\Cache), false)
#11 /opt/lampp/htdocs/codeigniter/public/index.php(44): CodeIgniter\CodeIgniter->run()
#12 {main}
ERROR - 2021-04-30 03:17:04 --> mysqli_sql_exception: No database selected in /opt/lampp/htdocs/codeigniter/system/Database/MySQLi/Connection.php:314
Stack trace:
#0 /opt/lampp/htdocs/codeigniter/system/Database/MySQLi/Connection.php(314): mysqli->query('SELECT *\nFROM `...')
#1 /opt/lampp/htdocs/codeigniter/system/Database/BaseConnection.php(713): CodeIgniter\Database\MySQLi\Connection->execute('SELECT *\nFROM `...')
#2 /opt/lampp/htdocs/codeigniter/system/Database/BaseConnection.php(641): CodeIgniter\Database\BaseConnection->simpleQuery('SELECT *\nFROM `...')
#3 /opt/lampp/htdocs/codeigniter/system/Database/BaseBuilder.php(1866): CodeIgniter\Database\BaseConnection->query('SELECT *\nFROM `...', Array, false)
#4 /opt/lampp/htdocs/codeigniter/system/Model.php(213): CodeIgniter\Database\BaseBuilder->get()
#5 /opt/lampp/htdocs/codeigniter/system/BaseModel.php(583): CodeIgniter\Model->doFindAll(0, 0)
#6 /opt/lampp/htdocs/codeigniter/app/Models/blogmodel.php(12): CodeIgniter\BaseModel->findAll()
#7 /opt/lampp/htdocs/codeigniter/app/Controllers/Page.php(9): App\Models\blogmodel->getPost()
#8 /opt/lampp/htdocs/codeigniter/system/CodeIgniter.php(936): App\Controllers\Page->index()
#9 /opt/lampp/htdocs/codeigniter/system/CodeIgniter.php(432): CodeIgniter\CodeIgniter->runController(Object(App\Controllers\Page))
#10 /opt/lampp/htdocs/codeigniter/system/CodeIgniter.php(333): CodeIgniter\CodeIgniter->handleRequest(NULL, Object(Config\Cache), false)
#11 /opt/lampp/htdocs/codeigniter/public/index.php(44): CodeIgniter\CodeIgniter->run()
#12 {main}
ERROR - 2021-04-30 03:17:07 --> mysqli_sql_exception: No database selected in /opt/lampp/htdocs/codeigniter/system/Database/MySQLi/Connection.php:314
Stack trace:
#0 /opt/lampp/htdocs/codeigniter/system/Database/MySQLi/Connection.php(314): mysqli->query('SELECT *\nFROM `...')
#1 /opt/lampp/htdocs/codeigniter/system/Database/BaseConnection.php(713): CodeIgniter\Database\MySQLi\Connection->execute('SELECT *\nFROM `...')
#2 /opt/lampp/htdocs/codeigniter/system/Database/BaseConnection.php(641): CodeIgniter\Database\BaseConnection->simpleQuery('SELECT *\nFROM `...')
#3 /opt/lampp/htdocs/codeigniter/system/Database/BaseBuilder.php(1866): CodeIgniter\Database\BaseConnection->query('SELECT *\nFROM `...', Array, false)
#4 /opt/lampp/htdocs/codeigniter/system/Model.php(213): CodeIgniter\Database\BaseBuilder->get()
#5 /opt/lampp/htdocs/codeigniter/system/BaseModel.php(583): CodeIgniter\Model->doFindAll(0, 0)
#6 /opt/lampp/htdocs/codeigniter/app/Models/blogmodel.php(12): CodeIgniter\BaseModel->findAll()
#7 /opt/lampp/htdocs/codeigniter/app/Controllers/Page.php(9): App\Models\blogmodel->getPost()
#8 /opt/lampp/htdocs/codeigniter/system/CodeIgniter.php(936): App\Controllers\Page->index()
#9 /opt/lampp/htdocs/codeigniter/system/CodeIgniter.php(432): CodeIgniter\CodeIgniter->runController(Object(App\Controllers\Page))
#10 /opt/lampp/htdocs/codeigniter/system/CodeIgniter.php(333): CodeIgniter\CodeIgniter->handleRequest(NULL, Object(Config\Cache), false)
#11 /opt/lampp/htdocs/codeigniter/public/index.php(44): CodeIgniter\CodeIgniter->run()
#12 {main}
ERROR - 2021-04-30 03:17:07 --> mysqli_sql_exception: No database selected in /opt/lampp/htdocs/codeigniter/system/Database/MySQLi/Connection.php:314
Stack trace:
#0 /opt/lampp/htdocs/codeigniter/system/Database/MySQLi/Connection.php(314): mysqli->query('SELECT *\nFROM `...')
#1 /opt/lampp/htdocs/codeigniter/system/Database/BaseConnection.php(713): CodeIgniter\Database\MySQLi\Connection->execute('SELECT *\nFROM `...')
#2 /opt/lampp/htdocs/codeigniter/system/Database/BaseConnection.php(641): CodeIgniter\Database\BaseConnection->simpleQuery('SELECT *\nFROM `...')
#3 /opt/lampp/htdocs/codeigniter/system/Database/BaseBuilder.php(1866): CodeIgniter\Database\BaseConnection->query('SELECT *\nFROM `...', Array, false)
#4 /opt/lampp/htdocs/codeigniter/system/Model.php(213): CodeIgniter\Database\BaseBuilder->get()
#5 /opt/lampp/htdocs/codeigniter/system/BaseModel.php(583): CodeIgniter\Model->doFindAll(0, 0)
#6 /opt/lampp/htdocs/codeigniter/app/Models/blogmodel.php(12): CodeIgniter\BaseModel->findAll()
#7 /opt/lampp/htdocs/codeigniter/app/Controllers/Page.php(9): App\Models\blogmodel->getPost()
#8 /opt/lampp/htdocs/codeigniter/system/CodeIgniter.php(936): App\Controllers\Page->index()
#9 /opt/lampp/htdocs/codeigniter/system/CodeIgniter.php(432): CodeIgniter\CodeIgniter->runController(Object(App\Controllers\Page))
#10 /opt/lampp/htdocs/codeigniter/system/CodeIgniter.php(333): CodeIgniter\CodeIgniter->handleRequest(NULL, Object(Config\Cache), false)
#11 /opt/lampp/htdocs/codeigniter/public/index.php(44): CodeIgniter\CodeIgniter->run()
#12 {main}
ERROR - 2021-04-30 03:17:08 --> mysqli_sql_exception: No database selected in /opt/lampp/htdocs/codeigniter/system/Database/MySQLi/Connection.php:314
Stack trace:
#0 /opt/lampp/htdocs/codeigniter/system/Database/MySQLi/Connection.php(314): mysqli->query('SELECT COUNT(*)...')
#1 /opt/lampp/htdocs/codeigniter/system/Database/BaseConnection.php(713): CodeIgniter\Database\MySQLi\Connection->execute('SELECT COUNT(*)...')
#2 /opt/lampp/htdocs/codeigniter/system/Database/BaseConnection.php(641): CodeIgniter\Database\BaseConnection->simpleQuery('SELECT COUNT(*)...')
#3 /opt/lampp/htdocs/codeigniter/system/Database/BaseBuilder.php(1966): CodeIgniter\Database\BaseConnection->query('SELECT COUNT(*)...', Array, false)
#4 /opt/lampp/htdocs/codeigniter/system/Model.php(570): CodeIgniter\Database\BaseBuilder->countAllResults(false)
#5 /opt/lampp/htdocs/codeigniter/system/BaseModel.php(1140): CodeIgniter\Model->countAllResults(false)
#6 /opt/lampp/htdocs/codeigniter/app/Controllers/Page.php(26): CodeIgniter\BaseModel->paginate(6, 'post')
#7 /opt/lampp/htdocs/codeigniter/system/CodeIgniter.php(936): App\Controllers\Page->all_post()
#8 /opt/lampp/htdocs/codeigniter/system/CodeIgniter.php(432): CodeIgniter\CodeIgniter->runController(Object(App\Controllers\Page))
#9 /opt/lampp/htdocs/codeigniter/system/CodeIgniter.php(333): CodeIgniter\CodeIgniter->handleRequest(NULL, Object(Config\Cache), false)
#10 /opt/lampp/htdocs/codeigniter/public/index.php(44): CodeIgniter\CodeIgniter->run()
#11 {main}
ERROR - 2021-04-30 03:17:08 --> mysqli_sql_exception: No database selected in /opt/lampp/htdocs/codeigniter/system/Database/MySQLi/Connection.php:314
Stack trace:
#0 /opt/lampp/htdocs/codeigniter/system/Database/MySQLi/Connection.php(314): mysqli->query('SELECT *\nFROM `...')
#1 /opt/lampp/htdocs/codeigniter/system/Database/BaseConnection.php(713): CodeIgniter\Database\MySQLi\Connection->execute('SELECT *\nFROM `...')
#2 /opt/lampp/htdocs/codeigniter/system/Database/BaseConnection.php(641): CodeIgniter\Database\BaseConnection->simpleQuery('SELECT *\nFROM `...')
#3 /opt/lampp/htdocs/codeigniter/system/Database/BaseBuilder.php(1866): CodeIgniter\Database\BaseConnection->query('SELECT *\nFROM `...', Array, false)
#4 /opt/lampp/htdocs/codeigniter/system/Model.php(213): CodeIgniter\Database\BaseBuilder->get()
#5 /opt/lampp/htdocs/codeigniter/system/BaseModel.php(583): CodeIgniter\Model->doFindAll(6, 0)
#6 /opt/lampp/htdocs/codeigniter/system/BaseModel.php(1144): CodeIgniter\BaseModel->findAll(6, 0)
#7 /opt/lampp/htdocs/codeigniter/app/Controllers/Page.php(26): CodeIgniter\BaseModel->paginate(6, 'post')
#8 /opt/lampp/htdocs/codeigniter/system/CodeIgniter.php(936): App\Controllers\Page->all_post()
#9 /opt/lampp/htdocs/codeigniter/system/CodeIgniter.php(432): CodeIgniter\CodeIgniter->runController(Object(App\Controllers\Page))
#10 /opt/lampp/htdocs/codeigniter/system/CodeIgniter.php(333): CodeIgniter\CodeIgniter->handleRequest(NULL, Object(Config\Cache), false)
#11 /opt/lampp/htdocs/codeigniter/public/index.php(44): CodeIgniter\CodeIgniter->run()
#12 {main}
ERROR - 2021-04-30 03:17:08 --> mysqli_sql_exception: No database selected in /opt/lampp/htdocs/codeigniter/system/Database/MySQLi/Connection.php:314
Stack trace:
#0 /opt/lampp/htdocs/codeigniter/system/Database/MySQLi/Connection.php(314): mysqli->query('SELECT *\nFROM `...')
#1 /opt/lampp/htdocs/codeigniter/system/Database/BaseConnection.php(713): CodeIgniter\Database\MySQLi\Connection->execute('SELECT *\nFROM `...')
#2 /opt/lampp/htdocs/codeigniter/system/Database/BaseConnection.php(641): CodeIgniter\Database\BaseConnection->simpleQuery('SELECT *\nFROM `...')
#3 /opt/lampp/htdocs/codeigniter/system/Database/BaseBuilder.php(1866): CodeIgniter\Database\BaseConnection->query('SELECT *\nFROM `...', Array, false)
#4 /opt/lampp/htdocs/codeigniter/system/Model.php(213): CodeIgniter\Database\BaseBuilder->get()
#5 /opt/lampp/htdocs/codeigniter/system/BaseModel.php(583): CodeIgniter\Model->doFindAll(0, 0)
#6 /opt/lampp/htdocs/codeigniter/app/Models/blogmodel.php(12): CodeIgniter\BaseModel->findAll()
#7 /opt/lampp/htdocs/codeigniter/app/Controllers/Page.php(9): App\Models\blogmodel->getPost()
#8 /opt/lampp/htdocs/codeigniter/system/CodeIgniter.php(936): App\Controllers\Page->index()
#9 /opt/lampp/htdocs/codeigniter/system/CodeIgniter.php(432): CodeIgniter\CodeIgniter->runController(Object(App\Controllers\Page))
#10 /opt/lampp/htdocs/codeigniter/system/CodeIgniter.php(333): CodeIgniter\CodeIgniter->handleRequest(NULL, Object(Config\Cache), false)
#11 /opt/lampp/htdocs/codeigniter/public/index.php(44): CodeIgniter\CodeIgniter->run()
#12 {main}
ERROR - 2021-04-30 03:17:09 --> mysqli_sql_exception: No database selected in /opt/lampp/htdocs/codeigniter/system/Database/MySQLi/Connection.php:314
Stack trace:
#0 /opt/lampp/htdocs/codeigniter/system/Database/MySQLi/Connection.php(314): mysqli->query('SELECT *\nFROM `...')
#1 /opt/lampp/htdocs/codeigniter/system/Database/BaseConnection.php(713): CodeIgniter\Database\MySQLi\Connection->execute('SELECT *\nFROM `...')
#2 /opt/lampp/htdocs/codeigniter/system/Database/BaseConnection.php(641): CodeIgniter\Database\BaseConnection->simpleQuery('SELECT *\nFROM `...')
#3 /opt/lampp/htdocs/codeigniter/system/Database/BaseBuilder.php(1866): CodeIgniter\Database\BaseConnection->query('SELECT *\nFROM `...', Array, false)
#4 /opt/lampp/htdocs/codeigniter/system/Model.php(213): CodeIgniter\Database\BaseBuilder->get()
#5 /opt/lampp/htdocs/codeigniter/system/BaseModel.php(583): CodeIgniter\Model->doFindAll(0, 0)
#6 /opt/lampp/htdocs/codeigniter/app/Models/blogmodel.php(12): CodeIgniter\BaseModel->findAll()
#7 /opt/lampp/htdocs/codeigniter/app/Controllers/Page.php(9): App\Models\blogmodel->getPost()
#8 /opt/lampp/htdocs/codeigniter/system/CodeIgniter.php(936): App\Controllers\Page->index()
#9 /opt/lampp/htdocs/codeigniter/system/CodeIgniter.php(432): CodeIgniter\CodeIgniter->runController(Object(App\Controllers\Page))
#10 /opt/lampp/htdocs/codeigniter/system/CodeIgniter.php(333): CodeIgniter\CodeIgniter->handleRequest(NULL, Object(Config\Cache), false)
#11 /opt/lampp/htdocs/codeigniter/public/index.php(44): CodeIgniter\CodeIgniter->run()
#12 {main}
ERROR - 2021-04-30 03:17:09 --> mysqli_sql_exception: No database selected in /opt/lampp/htdocs/codeigniter/system/Database/MySQLi/Connection.php:314
Stack trace:
#0 /opt/lampp/htdocs/codeigniter/system/Database/MySQLi/Connection.php(314): mysqli->query('SELECT *\nFROM `...')
#1 /opt/lampp/htdocs/codeigniter/system/Database/BaseConnection.php(713): CodeIgniter\Database\MySQLi\Connection->execute('SELECT *\nFROM `...')
#2 /opt/lampp/htdocs/codeigniter/system/Database/BaseConnection.php(641): CodeIgniter\Database\BaseConnection->simpleQuery('SELECT *\nFROM `...')
#3 /opt/lampp/htdocs/codeigniter/system/Database/BaseBuilder.php(1866): CodeIgniter\Database\BaseConnection->query('SELECT *\nFROM `...', Array, false)
#4 /opt/lampp/htdocs/codeigniter/system/Model.php(247): CodeIgniter\Database\BaseBuilder->get()
#5 /opt/lampp/htdocs/codeigniter/system/BaseModel.php(624): CodeIgniter\Model->doFirst()
#6 /opt/lampp/htdocs/codeigniter/app/Models/blogmodel.php(16): CodeIgniter\BaseModel->first()
#7 /opt/lampp/htdocs/codeigniter/app/Controllers/Page.php(17): App\Models\blogmodel->getPost('asset')
#8 /opt/lampp/htdocs/codeigniter/system/CodeIgniter.php(936): App\Controllers\Page->post('asset', 'style.css')
#9 /opt/lampp/htdocs/codeigniter/system/CodeIgniter.php(432): CodeIgniter\CodeIgniter->runController(Object(App\Controllers\Page))
#10 /opt/lampp/htdocs/codeigniter/system/CodeIgniter.php(333): CodeIgniter\CodeIgniter->handleRequest(NULL, Object(Config\Cache), false)
#11 /opt/lampp/htdocs/codeigniter/public/index.php(44): CodeIgniter\CodeIgniter->run()
#12 {main}
ERROR - 2021-04-30 03:17:11 --> mysqli_sql_exception: No database selected in /opt/lampp/htdocs/codeigniter/system/Database/MySQLi/Connection.php:314
Stack trace:
#0 /opt/lampp/htdocs/codeigniter/system/Database/MySQLi/Connection.php(314): mysqli->query('SELECT COUNT(*)...')
#1 /opt/lampp/htdocs/codeigniter/system/Database/BaseConnection.php(713): CodeIgniter\Database\MySQLi\Connection->execute('SELECT COUNT(*)...')
#2 /opt/lampp/htdocs/codeigniter/system/Database/BaseConnection.php(641): CodeIgniter\Database\BaseConnection->simpleQuery('SELECT COUNT(*)...')
#3 /opt/lampp/htdocs/codeigniter/system/Database/BaseBuilder.php(1966): CodeIgniter\Database\BaseConnection->query('SELECT COUNT(*)...', Array, false)
#4 /opt/lampp/htdocs/codeigniter/system/Model.php(570): CodeIgniter\Database\BaseBuilder->countAllResults(false)
#5 /opt/lampp/htdocs/codeigniter/system/BaseModel.php(1140): CodeIgniter\Model->countAllResults(false)
#6 /opt/lampp/htdocs/codeigniter/app/Controllers/Page.php(26): CodeIgniter\BaseModel->paginate(6, 'post')
#7 /opt/lampp/htdocs/codeigniter/system/CodeIgniter.php(936): App\Controllers\Page->all_post()
#8 /opt/lampp/htdocs/codeigniter/system/CodeIgniter.php(432): CodeIgniter\CodeIgniter->runController(Object(App\Controllers\Page))
#9 /opt/lampp/htdocs/codeigniter/system/CodeIgniter.php(333): CodeIgniter\CodeIgniter->handleRequest(NULL, Object(Config\Cache), false)
#10 /opt/lampp/htdocs/codeigniter/public/index.php(44): CodeIgniter\CodeIgniter->run()
#11 {main}
ERROR - 2021-04-30 03:17:11 --> mysqli_sql_exception: No database selected in /opt/lampp/htdocs/codeigniter/system/Database/MySQLi/Connection.php:314
Stack trace:
#0 /opt/lampp/htdocs/codeigniter/system/Database/MySQLi/Connection.php(314): mysqli->query('SELECT *\nFROM `...')
#1 /opt/lampp/htdocs/codeigniter/system/Database/BaseConnection.php(713): CodeIgniter\Database\MySQLi\Connection->execute('SELECT *\nFROM `...')
#2 /opt/lampp/htdocs/codeigniter/system/Database/BaseConnection.php(641): CodeIgniter\Database\BaseConnection->simpleQuery('SELECT *\nFROM `...')
#3 /opt/lampp/htdocs/codeigniter/system/Database/BaseBuilder.php(1866): CodeIgniter\Database\BaseConnection->query('SELECT *\nFROM `...', Array, false)
#4 /opt/lampp/htdocs/codeigniter/system/Model.php(213): CodeIgniter\Database\BaseBuilder->get()
#5 /opt/lampp/htdocs/codeigniter/system/BaseModel.php(583): CodeIgniter\Model->doFindAll(6, 0)
#6 /opt/lampp/htdocs/codeigniter/system/BaseModel.php(1144): CodeIgniter\BaseModel->findAll(6, 0)
#7 /opt/lampp/htdocs/codeigniter/app/Controllers/Page.php(26): CodeIgniter\BaseModel->paginate(6, 'post')
#8 /opt/lampp/htdocs/codeigniter/system/CodeIgniter.php(936): App\Controllers\Page->all_post()
#9 /opt/lampp/htdocs/codeigniter/system/CodeIgniter.php(432): CodeIgniter\CodeIgniter->runController(Object(App\Controllers\Page))
#10 /opt/lampp/htdocs/codeigniter/system/CodeIgniter.php(333): CodeIgniter\CodeIgniter->handleRequest(NULL, Object(Config\Cache), false)
#11 /opt/lampp/htdocs/codeigniter/public/index.php(44): CodeIgniter\CodeIgniter->run()
#12 {main}
ERROR - 2021-04-30 03:17:11 --> mysqli_sql_exception: No database selected in /opt/lampp/htdocs/codeigniter/system/Database/MySQLi/Connection.php:314
Stack trace:
#0 /opt/lampp/htdocs/codeigniter/system/Database/MySQLi/Connection.php(314): mysqli->query('SELECT *\nFROM `...')
#1 /opt/lampp/htdocs/codeigniter/system/Database/BaseConnection.php(713): CodeIgniter\Database\MySQLi\Connection->execute('SELECT *\nFROM `...')
#2 /opt/lampp/htdocs/codeigniter/system/Database/BaseConnection.php(641): CodeIgniter\Database\BaseConnection->simpleQuery('SELECT *\nFROM `...')
#3 /opt/lampp/htdocs/codeigniter/system/Database/BaseBuilder.php(1866): CodeIgniter\Database\BaseConnection->query('SELECT *\nFROM `...', Array, false)
#4 /opt/lampp/htdocs/codeigniter/system/Model.php(213): CodeIgniter\Database\BaseBuilder->get()
#5 /opt/lampp/htdocs/codeigniter/system/BaseModel.php(583): CodeIgniter\Model->doFindAll(0, 0)
#6 /opt/lampp/htdocs/codeigniter/app/Models/blogmodel.php(12): CodeIgniter\BaseModel->findAll()
#7 /opt/lampp/htdocs/codeigniter/app/Controllers/Page.php(9): App\Models\blogmodel->getPost()
#8 /opt/lampp/htdocs/codeigniter/system/CodeIgniter.php(936): App\Controllers\Page->index()
#9 /opt/lampp/htdocs/codeigniter/system/CodeIgniter.php(432): CodeIgniter\CodeIgniter->runController(Object(App\Controllers\Page))
#10 /opt/lampp/htdocs/codeigniter/system/CodeIgniter.php(333): CodeIgniter\CodeIgniter->handleRequest(NULL, Object(Config\Cache), false)
#11 /opt/lampp/htdocs/codeigniter/public/index.php(44): CodeIgniter\CodeIgniter->run()
#12 {main}
ERROR - 2021-04-30 03:17:31 --> mysqli_sql_exception: No database selected in /opt/lampp/htdocs/codeigniter/system/Database/MySQLi/Connection.php:314
Stack trace:
#0 /opt/lampp/htdocs/codeigniter/system/Database/MySQLi/Connection.php(314): mysqli->query('SELECT COUNT(*)...')
#1 /opt/lampp/htdocs/codeigniter/system/Database/BaseConnection.php(713): CodeIgniter\Database\MySQLi\Connection->execute('SELECT COUNT(*)...')
#2 /opt/lampp/htdocs/codeigniter/system/Database/BaseConnection.php(641): CodeIgniter\Database\BaseConnection->simpleQuery('SELECT COUNT(*)...')
#3 /opt/lampp/htdocs/codeigniter/system/Database/BaseBuilder.php(1966): CodeIgniter\Database\BaseConnection->query('SELECT COUNT(*)...', Array, false)
#4 /opt/lampp/htdocs/codeigniter/system/Model.php(570): CodeIgniter\Database\BaseBuilder->countAllResults(false)
#5 /opt/lampp/htdocs/codeigniter/system/BaseModel.php(1140): CodeIgniter\Model->countAllResults(false)
#6 /opt/lampp/htdocs/codeigniter/app/Controllers/Page.php(26): CodeIgniter\BaseModel->paginate(6, 'post')
#7 /opt/lampp/htdocs/codeigniter/system/CodeIgniter.php(936): App\Controllers\Page->all_post()
#8 /opt/lampp/htdocs/codeigniter/system/CodeIgniter.php(432): CodeIgniter\CodeIgniter->runController(Object(App\Controllers\Page))
#9 /opt/lampp/htdocs/codeigniter/system/CodeIgniter.php(333): CodeIgniter\CodeIgniter->handleRequest(NULL, Object(Config\Cache), false)
#10 /opt/lampp/htdocs/codeigniter/public/index.php(44): CodeIgniter\CodeIgniter->run()
#11 {main}
ERROR - 2021-04-30 03:17:31 --> mysqli_sql_exception: No database selected in /opt/lampp/htdocs/codeigniter/system/Database/MySQLi/Connection.php:314
Stack trace:
#0 /opt/lampp/htdocs/codeigniter/system/Database/MySQLi/Connection.php(314): mysqli->query('SELECT *\nFROM `...')
#1 /opt/lampp/htdocs/codeigniter/system/Database/BaseConnection.php(713): CodeIgniter\Database\MySQLi\Connection->execute('SELECT *\nFROM `...')
#2 /opt/lampp/htdocs/codeigniter/system/Database/BaseConnection.php(641): CodeIgniter\Database\BaseConnection->simpleQuery('SELECT *\nFROM `...')
#3 /opt/lampp/htdocs/codeigniter/system/Database/BaseBuilder.php(1866): CodeIgniter\Database\BaseConnection->query('SELECT *\nFROM `...', Array, false)
#4 /opt/lampp/htdocs/codeigniter/system/Model.php(213): CodeIgniter\Database\BaseBuilder->get()
#5 /opt/lampp/htdocs/codeigniter/system/BaseModel.php(583): CodeIgniter\Model->doFindAll(6, 0)
#6 /opt/lampp/htdocs/codeigniter/system/BaseModel.php(1144): CodeIgniter\BaseModel->findAll(6, 0)
#7 /opt/lampp/htdocs/codeigniter/app/Controllers/Page.php(26): CodeIgniter\BaseModel->paginate(6, 'post')
#8 /opt/lampp/htdocs/codeigniter/system/CodeIgniter.php(936): App\Controllers\Page->all_post()
#9 /opt/lampp/htdocs/codeigniter/system/CodeIgniter.php(432): CodeIgniter\CodeIgniter->runController(Object(App\Controllers\Page))
#10 /opt/lampp/htdocs/codeigniter/system/CodeIgniter.php(333): CodeIgniter\CodeIgniter->handleRequest(NULL, Object(Config\Cache), false)
#11 /opt/lampp/htdocs/codeigniter/public/index.php(44): CodeIgniter\CodeIgniter->run()
#12 {main}
ERROR - 2021-04-30 03:17:31 --> mysqli_sql_exception: No database selected in /opt/lampp/htdocs/codeigniter/system/Database/MySQLi/Connection.php:314
Stack trace:
#0 /opt/lampp/htdocs/codeigniter/system/Database/MySQLi/Connection.php(314): mysqli->query('SELECT COUNT(*)...')
#1 /opt/lampp/htdocs/codeigniter/system/Database/BaseConnection.php(713): CodeIgniter\Database\MySQLi\Connection->execute('SELECT COUNT(*)...')
#2 /opt/lampp/htdocs/codeigniter/system/Database/BaseConnection.php(641): CodeIgniter\Database\BaseConnection->simpleQuery('SELECT COUNT(*)...')
#3 /opt/lampp/htdocs/codeigniter/system/Database/BaseBuilder.php(1966): CodeIgniter\Database\BaseConnection->query('SELECT COUNT(*)...', Array, false)
#4 /opt/lampp/htdocs/codeigniter/system/Model.php(570): CodeIgniter\Database\BaseBuilder->countAllResults(false)
#5 /opt/lampp/htdocs/codeigniter/system/BaseModel.php(1140): CodeIgniter\Model->countAllResults(false)
#6 /opt/lampp/htdocs/codeigniter/app/Controllers/Page.php(26): CodeIgniter\BaseModel->paginate(6, 'post')
#7 /opt/lampp/htdocs/codeigniter/system/CodeIgniter.php(936): App\Controllers\Page->all_post()
#8 /opt/lampp/htdocs/codeigniter/system/CodeIgniter.php(432): CodeIgniter\CodeIgniter->runController(Object(App\Controllers\Page))
#9 /opt/lampp/htdocs/codeigniter/system/CodeIgniter.php(333): CodeIgniter\CodeIgniter->handleRequest(NULL, Object(Config\Cache), false)
#10 /opt/lampp/htdocs/codeigniter/public/index.php(44): CodeIgniter\CodeIgniter->run()
#11 {main}
ERROR - 2021-04-30 03:17:31 --> mysqli_sql_exception: No database selected in /opt/lampp/htdocs/codeigniter/system/Database/MySQLi/Connection.php:314
Stack trace:
#0 /opt/lampp/htdocs/codeigniter/system/Database/MySQLi/Connection.php(314): mysqli->query('SELECT *\nFROM `...')
#1 /opt/lampp/htdocs/codeigniter/system/Database/BaseConnection.php(713): CodeIgniter\Database\MySQLi\Connection->execute('SELECT *\nFROM `...')
#2 /opt/lampp/htdocs/codeigniter/system/Database/BaseConnection.php(641): CodeIgniter\Database\BaseConnection->simpleQuery('SELECT *\nFROM `...')
#3 /opt/lampp/htdocs/codeigniter/system/Database/BaseBuilder.php(1866): CodeIgniter\Database\BaseConnection->query('SELECT *\nFROM `...', Array, false)
#4 /opt/lampp/htdocs/codeigniter/system/Model.php(213): CodeIgniter\Database\BaseBuilder->get()
#5 /opt/lampp/htdocs/codeigniter/system/BaseModel.php(583): CodeIgniter\Model->doFindAll(6, 0)
#6 /opt/lampp/htdocs/codeigniter/system/BaseModel.php(1144): CodeIgniter\BaseModel->findAll(6, 0)
#7 /opt/lampp/htdocs/codeigniter/app/Controllers/Page.php(26): CodeIgniter\BaseModel->paginate(6, 'post')
#8 /opt/lampp/htdocs/codeigniter/system/CodeIgniter.php(936): App\Controllers\Page->all_post()
#9 /opt/lampp/htdocs/codeigniter/system/CodeIgniter.php(432): CodeIgniter\CodeIgniter->runController(Object(App\Controllers\Page))
#10 /opt/lampp/htdocs/codeigniter/system/CodeIgniter.php(333): CodeIgniter\CodeIgniter->handleRequest(NULL, Object(Config\Cache), false)
#11 /opt/lampp/htdocs/codeigniter/public/index.php(44): CodeIgniter\CodeIgniter->run()
#12 {main}
ERROR - 2021-04-30 03:17:43 --> mysqli_sql_exception: No database selected in /opt/lampp/htdocs/codeigniter/system/Database/MySQLi/Connection.php:314
Stack trace:
#0 /opt/lampp/htdocs/codeigniter/system/Database/MySQLi/Connection.php(314): mysqli->query('SELECT COUNT(*)...')
#1 /opt/lampp/htdocs/codeigniter/system/Database/BaseConnection.php(713): CodeIgniter\Database\MySQLi\Connection->execute('SELECT COUNT(*)...')
#2 /opt/lampp/htdocs/codeigniter/system/Database/BaseConnection.php(641): CodeIgniter\Database\BaseConnection->simpleQuery('SELECT COUNT(*)...')
#3 /opt/lampp/htdocs/codeigniter/system/Database/BaseBuilder.php(1966): CodeIgniter\Database\BaseConnection->query('SELECT COUNT(*)...', Array, false)
#4 /opt/lampp/htdocs/codeigniter/system/Model.php(570): CodeIgniter\Database\BaseBuilder->countAllResults(false)
#5 /opt/lampp/htdocs/codeigniter/system/BaseModel.php(1140): CodeIgniter\Model->countAllResults(false)
#6 /opt/lampp/htdocs/codeigniter/app/Controllers/Page.php(26): CodeIgniter\BaseModel->paginate(6, 'post')
#7 /opt/lampp/htdocs/codeigniter/system/CodeIgniter.php(936): App\Controllers\Page->all_post()
#8 /opt/lampp/htdocs/codeigniter/system/CodeIgniter.php(432): CodeIgniter\CodeIgniter->runController(Object(App\Controllers\Page))
#9 /opt/lampp/htdocs/codeigniter/system/CodeIgniter.php(333): CodeIgniter\CodeIgniter->handleRequest(NULL, Object(Config\Cache), false)
#10 /opt/lampp/htdocs/codeigniter/public/index.php(44): CodeIgniter\CodeIgniter->run()
#11 {main}
ERROR - 2021-04-30 03:17:43 --> mysqli_sql_exception: No database selected in /opt/lampp/htdocs/codeigniter/system/Database/MySQLi/Connection.php:314
Stack trace:
#0 /opt/lampp/htdocs/codeigniter/system/Database/MySQLi/Connection.php(314): mysqli->query('SELECT *\nFROM `...')
#1 /opt/lampp/htdocs/codeigniter/system/Database/BaseConnection.php(713): CodeIgniter\Database\MySQLi\Connection->execute('SELECT *\nFROM `...')
#2 /opt/lampp/htdocs/codeigniter/system/Database/BaseConnection.php(641): CodeIgniter\Database\BaseConnection->simpleQuery('SELECT *\nFROM `...')
#3 /opt/lampp/htdocs/codeigniter/system/Database/BaseBuilder.php(1866): CodeIgniter\Database\BaseConnection->query('SELECT *\nFROM `...', Array, false)
#4 /opt/lampp/htdocs/codeigniter/system/Model.php(213): CodeIgniter\Database\BaseBuilder->get()
#5 /opt/lampp/htdocs/codeigniter/system/BaseModel.php(583): CodeIgniter\Model->doFindAll(6, 0)
#6 /opt/lampp/htdocs/codeigniter/system/BaseModel.php(1144): CodeIgniter\BaseModel->findAll(6, 0)
#7 /opt/lampp/htdocs/codeigniter/app/Controllers/Page.php(26): CodeIgniter\BaseModel->paginate(6, 'post')
#8 /opt/lampp/htdocs/codeigniter/system/CodeIgniter.php(936): App\Controllers\Page->all_post()
#9 /opt/lampp/htdocs/codeigniter/system/CodeIgniter.php(432): CodeIgniter\CodeIgniter->runController(Object(App\Controllers\Page))
#10 /opt/lampp/htdocs/codeigniter/system/CodeIgniter.php(333): CodeIgniter\CodeIgniter->handleRequest(NULL, Object(Config\Cache), false)
#11 /opt/lampp/htdocs/codeigniter/public/index.php(44): CodeIgniter\CodeIgniter->run()
#12 {main}
ERROR - 2021-04-30 03:17:44 --> mysqli_sql_exception: No database selected in /opt/lampp/htdocs/codeigniter/system/Database/MySQLi/Connection.php:314
Stack trace:
#0 /opt/lampp/htdocs/codeigniter/system/Database/MySQLi/Connection.php(314): mysqli->query('SELECT COUNT(*)...')
#1 /opt/lampp/htdocs/codeigniter/system/Database/BaseConnection.php(713): CodeIgniter\Database\MySQLi\Connection->execute('SELECT COUNT(*)...')
#2 /opt/lampp/htdocs/codeigniter/system/Database/BaseConnection.php(641): CodeIgniter\Database\BaseConnection->simpleQuery('SELECT COUNT(*)...')
#3 /opt/lampp/htdocs/codeigniter/system/Database/BaseBuilder.php(1966): CodeIgniter\Database\BaseConnection->query('SELECT COUNT(*)...', Array, false)
#4 /opt/lampp/htdocs/codeigniter/system/Model.php(570): CodeIgniter\Database\BaseBuilder->countAllResults(false)
#5 /opt/lampp/htdocs/codeigniter/system/BaseModel.php(1140): CodeIgniter\Model->countAllResults(false)
#6 /opt/lampp/htdocs/codeigniter/app/Controllers/Page.php(26): CodeIgniter\BaseModel->paginate(6, 'post')
#7 /opt/lampp/htdocs/codeigniter/system/CodeIgniter.php(936): App\Controllers\Page->all_post()
#8 /opt/lampp/htdocs/codeigniter/system/CodeIgniter.php(432): CodeIgniter\CodeIgniter->runController(Object(App\Controllers\Page))
#9 /opt/lampp/htdocs/codeigniter/system/CodeIgniter.php(333): CodeIgniter\CodeIgniter->handleRequest(NULL, Object(Config\Cache), false)
#10 /opt/lampp/htdocs/codeigniter/public/index.php(44): CodeIgniter\CodeIgniter->run()
#11 {main}
ERROR - 2021-04-30 03:17:44 --> mysqli_sql_exception: No database selected in /opt/lampp/htdocs/codeigniter/system/Database/MySQLi/Connection.php:314
Stack trace:
#0 /opt/lampp/htdocs/codeigniter/system/Database/MySQLi/Connection.php(314): mysqli->query('SELECT *\nFROM `...')
#1 /opt/lampp/htdocs/codeigniter/system/Database/BaseConnection.php(713): CodeIgniter\Database\MySQLi\Connection->execute('SELECT *\nFROM `...')
#2 /opt/lampp/htdocs/codeigniter/system/Database/BaseConnection.php(641): CodeIgniter\Database\BaseConnection->simpleQuery('SELECT *\nFROM `...')
#3 /opt/lampp/htdocs/codeigniter/system/Database/BaseBuilder.php(1866): CodeIgniter\Database\BaseConnection->query('SELECT *\nFROM `...', Array, false)
#4 /opt/lampp/htdocs/codeigniter/system/Model.php(213): CodeIgniter\Database\BaseBuilder->get()
#5 /opt/lampp/htdocs/codeigniter/system/BaseModel.php(583): CodeIgniter\Model->doFindAll(6, 0)
#6 /opt/lampp/htdocs/codeigniter/system/BaseModel.php(1144): CodeIgniter\BaseModel->findAll(6, 0)
#7 /opt/lampp/htdocs/codeigniter/app/Controllers/Page.php(26): CodeIgniter\BaseModel->paginate(6, 'post')
#8 /opt/lampp/htdocs/codeigniter/system/CodeIgniter.php(936): App\Controllers\Page->all_post()
#9 /opt/lampp/htdocs/codeigniter/system/CodeIgniter.php(432): CodeIgniter\CodeIgniter->runController(Object(App\Controllers\Page))
#10 /opt/lampp/htdocs/codeigniter/system/CodeIgniter.php(333): CodeIgniter\CodeIgniter->handleRequest(NULL, Object(Config\Cache), false)
#11 /opt/lampp/htdocs/codeigniter/public/index.php(44): CodeIgniter\CodeIgniter->run()
#12 {main}
ERROR - 2021-04-30 03:17:44 --> mysqli_sql_exception: No database selected in /opt/lampp/htdocs/codeigniter/system/Database/MySQLi/Connection.php:314
Stack trace:
#0 /opt/lampp/htdocs/codeigniter/system/Database/MySQLi/Connection.php(314): mysqli->query('SELECT *\nFROM `...')
#1 /opt/lampp/htdocs/codeigniter/system/Database/BaseConnection.php(713): CodeIgniter\Database\MySQLi\Connection->execute('SELECT *\nFROM `...')
#2 /opt/lampp/htdocs/codeigniter/system/Database/BaseConnection.php(641): CodeIgniter\Database\BaseConnection->simpleQuery('SELECT *\nFROM `...')
#3 /opt/lampp/htdocs/codeigniter/system/Database/BaseBuilder.php(1866): CodeIgniter\Database\BaseConnection->query('SELECT *\nFROM `...', Array, false)
#4 /opt/lampp/htdocs/codeigniter/system/Model.php(213): CodeIgniter\Database\BaseBuilder->get()
#5 /opt/lampp/htdocs/codeigniter/system/BaseModel.php(583): CodeIgniter\Model->doFindAll(0, 0)
#6 /opt/lampp/htdocs/codeigniter/app/Models/blogmodel.php(12): CodeIgniter\BaseModel->findAll()
#7 /opt/lampp/htdocs/codeigniter/app/Controllers/Page.php(9): App\Models\blogmodel->getPost()
#8 /opt/lampp/htdocs/codeigniter/system/CodeIgniter.php(936): App\Controllers\Page->index()
#9 /opt/lampp/htdocs/codeigniter/system/CodeIgniter.php(432): CodeIgniter\CodeIgniter->runController(Object(App\Controllers\Page))
#10 /opt/lampp/htdocs/codeigniter/system/CodeIgniter.php(333): CodeIgniter\CodeIgniter->handleRequest(NULL, Object(Config\Cache), false)
#11 /opt/lampp/htdocs/codeigniter/public/index.php(44): CodeIgniter\CodeIgniter->run()
#12 {main}
ERROR - 2021-04-30 03:17:45 --> mysqli_sql_exception: No database selected in /opt/lampp/htdocs/codeigniter/system/Database/MySQLi/Connection.php:314
Stack trace:
#0 /opt/lampp/htdocs/codeigniter/system/Database/MySQLi/Connection.php(314): mysqli->query('SELECT *\nFROM `...')
#1 /opt/lampp/htdocs/codeigniter/system/Database/BaseConnection.php(713): CodeIgniter\Database\MySQLi\Connection->execute('SELECT *\nFROM `...')
#2 /opt/lampp/htdocs/codeigniter/system/Database/BaseConnection.php(641): CodeIgniter\Database\BaseConnection->simpleQuery('SELECT *\nFROM `...')
#3 /opt/lampp/htdocs/codeigniter/system/Database/BaseBuilder.php(1866): CodeIgniter\Database\BaseConnection->query('SELECT *\nFROM `...', Array, false)
#4 /opt/lampp/htdocs/codeigniter/system/Model.php(213): CodeIgniter\Database\BaseBuilder->get()
#5 /opt/lampp/htdocs/codeigniter/system/BaseModel.php(583): CodeIgniter\Model->doFindAll(0, 0)
#6 /opt/lampp/htdocs/codeigniter/app/Models/blogmodel.php(12): CodeIgniter\BaseModel->findAll()
#7 /opt/lampp/htdocs/codeigniter/app/Controllers/Page.php(9): App\Models\blogmodel->getPost()
#8 /opt/lampp/htdocs/codeigniter/system/CodeIgniter.php(936): App\Controllers\Page->index()
#9 /opt/lampp/htdocs/codeigniter/system/CodeIgniter.php(432): CodeIgniter\CodeIgniter->runController(Object(App\Controllers\Page))
#10 /opt/lampp/htdocs/codeigniter/system/CodeIgniter.php(333): CodeIgniter\CodeIgniter->handleRequest(NULL, Object(Config\Cache), false)
#11 /opt/lampp/htdocs/codeigniter/public/index.php(44): CodeIgniter\CodeIgniter->run()
#12 {main}
ERROR - 2021-04-30 03:17:45 --> mysqli_sql_exception: No database selected in /opt/lampp/htdocs/codeigniter/system/Database/MySQLi/Connection.php:314
Stack trace:
#0 /opt/lampp/htdocs/codeigniter/system/Database/MySQLi/Connection.php(314): mysqli->query('SELECT COUNT(*)...')
#1 /opt/lampp/htdocs/codeigniter/system/Database/BaseConnection.php(713): CodeIgniter\Database\MySQLi\Connection->execute('SELECT COUNT(*)...')
#2 /opt/lampp/htdocs/codeigniter/system/Database/BaseConnection.php(641): CodeIgniter\Database\BaseConnection->simpleQuery('SELECT COUNT(*)...')
#3 /opt/lampp/htdocs/codeigniter/system/Database/BaseBuilder.php(1966): CodeIgniter\Database\BaseConnection->query('SELECT COUNT(*)...', Array, false)
#4 /opt/lampp/htdocs/codeigniter/system/Model.php(570): CodeIgniter\Database\BaseBuilder->countAllResults(false)
#5 /opt/lampp/htdocs/codeigniter/system/BaseModel.php(1140): CodeIgniter\Model->countAllResults(false)
#6 /opt/lampp/htdocs/codeigniter/app/Controllers/Page.php(26): CodeIgniter\BaseModel->paginate(6, 'post')
#7 /opt/lampp/htdocs/codeigniter/system/CodeIgniter.php(936): App\Controllers\Page->all_post()
#8 /opt/lampp/htdocs/codeigniter/system/CodeIgniter.php(432): CodeIgniter\CodeIgniter->runController(Object(App\Controllers\Page))
#9 /opt/lampp/htdocs/codeigniter/system/CodeIgniter.php(333): CodeIgniter\CodeIgniter->handleRequest(NULL, Object(Config\Cache), false)
#10 /opt/lampp/htdocs/codeigniter/public/index.php(44): CodeIgniter\CodeIgniter->run()
#11 {main}
ERROR - 2021-04-30 03:17:45 --> mysqli_sql_exception: No database selected in /opt/lampp/htdocs/codeigniter/system/Database/MySQLi/Connection.php:314
Stack trace:
#0 /opt/lampp/htdocs/codeigniter/system/Database/MySQLi/Connection.php(314): mysqli->query('SELECT *\nFROM `...')
#1 /opt/lampp/htdocs/codeigniter/system/Database/BaseConnection.php(713): CodeIgniter\Database\MySQLi\Connection->execute('SELECT *\nFROM `...')
#2 /opt/lampp/htdocs/codeigniter/system/Database/BaseConnection.php(641): CodeIgniter\Database\BaseConnection->simpleQuery('SELECT *\nFROM `...')
#3 /opt/lampp/htdocs/codeigniter/system/Database/BaseBuilder.php(1866): CodeIgniter\Database\BaseConnection->query('SELECT *\nFROM `...', Array, false)
#4 /opt/lampp/htdocs/codeigniter/system/Model.php(213): CodeIgniter\Database\BaseBuilder->get()
#5 /opt/lampp/htdocs/codeigniter/system/BaseModel.php(583): CodeIgniter\Model->doFindAll(6, 0)
#6 /opt/lampp/htdocs/codeigniter/system/BaseModel.php(1144): CodeIgniter\BaseModel->findAll(6, 0)
#7 /opt/lampp/htdocs/codeigniter/app/Controllers/Page.php(26): CodeIgniter\BaseModel->paginate(6, 'post')
#8 /opt/lampp/htdocs/codeigniter/system/CodeIgniter.php(936): App\Controllers\Page->all_post()
#9 /opt/lampp/htdocs/codeigniter/system/CodeIgniter.php(432): CodeIgniter\CodeIgniter->runController(Object(App\Controllers\Page))
#10 /opt/lampp/htdocs/codeigniter/system/CodeIgniter.php(333): CodeIgniter\CodeIgniter->handleRequest(NULL, Object(Config\Cache), false)
#11 /opt/lampp/htdocs/codeigniter/public/index.php(44): CodeIgniter\CodeIgniter->run()
#12 {main}
ERROR - 2021-04-30 03:17:45 --> mysqli_sql_exception: No database selected in /opt/lampp/htdocs/codeigniter/system/Database/MySQLi/Connection.php:314
Stack trace:
#0 /opt/lampp/htdocs/codeigniter/system/Database/MySQLi/Connection.php(314): mysqli->query('SELECT *\nFROM `...')
#1 /opt/lampp/htdocs/codeigniter/system/Database/BaseConnection.php(713): CodeIgniter\Database\MySQLi\Connection->execute('SELECT *\nFROM `...')
#2 /opt/lampp/htdocs/codeigniter/system/Database/BaseConnection.php(641): CodeIgniter\Database\BaseConnection->simpleQuery('SELECT *\nFROM `...')
#3 /opt/lampp/htdocs/codeigniter/system/Database/BaseBuilder.php(1866): CodeIgniter\Database\BaseConnection->query('SELECT *\nFROM `...', Array, false)
#4 /opt/lampp/htdocs/codeigniter/system/Model.php(213): CodeIgniter\Database\BaseBuilder->get()
#5 /opt/lampp/htdocs/codeigniter/system/BaseModel.php(583): CodeIgniter\Model->doFindAll(0, 0)
#6 /opt/lampp/htdocs/codeigniter/app/Models/blogmodel.php(12): CodeIgniter\BaseModel->findAll()
#7 /opt/lampp/htdocs/codeigniter/app/Controllers/Page.php(9): App\Models\blogmodel->getPost()
#8 /opt/lampp/htdocs/codeigniter/system/CodeIgniter.php(936): App\Controllers\Page->index()
#9 /opt/lampp/htdocs/codeigniter/system/CodeIgniter.php(432): CodeIgniter\CodeIgniter->runController(Object(App\Controllers\Page))
#10 /opt/lampp/htdocs/codeigniter/system/CodeIgniter.php(333): CodeIgniter\CodeIgniter->handleRequest(NULL, Object(Config\Cache), false)
#11 /opt/lampp/htdocs/codeigniter/public/index.php(44): CodeIgniter\CodeIgniter->run()
#12 {main}
ERROR - 2021-04-30 03:17:46 --> mysqli_sql_exception: No database selected in /opt/lampp/htdocs/codeigniter/system/Database/MySQLi/Connection.php:314
Stack trace:
#0 /opt/lampp/htdocs/codeigniter/system/Database/MySQLi/Connection.php(314): mysqli->query('SELECT *\nFROM `...')
#1 /opt/lampp/htdocs/codeigniter/system/Database/BaseConnection.php(713): CodeIgniter\Database\MySQLi\Connection->execute('SELECT *\nFROM `...')
#2 /opt/lampp/htdocs/codeigniter/system/Database/BaseConnection.php(641): CodeIgniter\Database\BaseConnection->simpleQuery('SELECT *\nFROM `...')
#3 /opt/lampp/htdocs/codeigniter/system/Database/BaseBuilder.php(1866): CodeIgniter\Database\BaseConnection->query('SELECT *\nFROM `...', Array, false)
#4 /opt/lampp/htdocs/codeigniter/system/Model.php(213): CodeIgniter\Database\BaseBuilder->get()
#5 /opt/lampp/htdocs/codeigniter/system/BaseModel.php(583): CodeIgniter\Model->doFindAll(0, 0)
#6 /opt/lampp/htdocs/codeigniter/app/Models/blogmodel.php(12): CodeIgniter\BaseModel->findAll()
#7 /opt/lampp/htdocs/codeigniter/app/Controllers/Page.php(9): App\Models\blogmodel->getPost()
#8 /opt/lampp/htdocs/codeigniter/system/CodeIgniter.php(936): App\Controllers\Page->index()
#9 /opt/lampp/htdocs/codeigniter/system/CodeIgniter.php(432): CodeIgniter\CodeIgniter->runController(Object(App\Controllers\Page))
#10 /opt/lampp/htdocs/codeigniter/system/CodeIgniter.php(333): CodeIgniter\CodeIgniter->handleRequest(NULL, Object(Config\Cache), false)
#11 /opt/lampp/htdocs/codeigniter/public/index.php(44): CodeIgniter\CodeIgniter->run()
#12 {main}
ERROR - 2021-04-30 03:17:46 --> mysqli_sql_exception: No database selected in /opt/lampp/htdocs/codeigniter/system/Database/MySQLi/Connection.php:314
Stack trace:
#0 /opt/lampp/htdocs/codeigniter/system/Database/MySQLi/Connection.php(314): mysqli->query('SELECT *\nFROM `...')
#1 /opt/lampp/htdocs/codeigniter/system/Database/BaseConnection.php(713): CodeIgniter\Database\MySQLi\Connection->execute('SELECT *\nFROM `...')
#2 /opt/lampp/htdocs/codeigniter/system/Database/BaseConnection.php(641): CodeIgniter\Database\BaseConnection->simpleQuery('SELECT *\nFROM `...')
#3 /opt/lampp/htdocs/codeigniter/system/Database/BaseBuilder.php(1866): CodeIgniter\Database\BaseConnection->query('SELECT *\nFROM `...', Array, false)
#4 /opt/lampp/htdocs/codeigniter/system/Model.php(213): CodeIgniter\Database\BaseBuilder->get()
#5 /opt/lampp/htdocs/codeigniter/system/BaseModel.php(583): CodeIgniter\Model->doFindAll(0, 0)
#6 /opt/lampp/htdocs/codeigniter/app/Models/blogmodel.php(12): CodeIgniter\BaseModel->findAll()
#7 /opt/lampp/htdocs/codeigniter/app/Controllers/Page.php(9): App\Models\blogmodel->getPost()
#8 /opt/lampp/htdocs/codeigniter/system/CodeIgniter.php(936): App\Controllers\Page->index()
#9 /opt/lampp/htdocs/codeigniter/system/CodeIgniter.php(432): CodeIgniter\CodeIgniter->runController(Object(App\Controllers\Page))
#10 /opt/lampp/htdocs/codeigniter/system/CodeIgniter.php(333): CodeIgniter\CodeIgniter->handleRequest(NULL, Object(Config\Cache), false)
#11 /opt/lampp/htdocs/codeigniter/public/index.php(44): CodeIgniter\CodeIgniter->run()
#12 {main}
ERROR - 2021-04-30 03:17:47 --> mysqli_sql_exception: No database selected in /opt/lampp/htdocs/codeigniter/system/Database/MySQLi/Connection.php:314
Stack trace:
#0 /opt/lampp/htdocs/codeigniter/system/Database/MySQLi/Connection.php(314): mysqli->query('SELECT *\nFROM `...')
#1 /opt/lampp/htdocs/codeigniter/system/Database/BaseConnection.php(713): CodeIgniter\Database\MySQLi\Connection->execute('SELECT *\nFROM `...')
#2 /opt/lampp/htdocs/codeigniter/system/Database/BaseConnection.php(641): CodeIgniter\Database\BaseConnection->simpleQuery('SELECT *\nFROM `...')
#3 /opt/lampp/htdocs/codeigniter/system/Database/BaseBuilder.php(1866): CodeIgniter\Database\BaseConnection->query('SELECT *\nFROM `...', Array, false)
#4 /opt/lampp/htdocs/codeigniter/system/Model.php(213): CodeIgniter\Database\BaseBuilder->get()
#5 /opt/lampp/htdocs/codeigniter/system/BaseModel.php(583): CodeIgniter\Model->doFindAll(0, 0)
#6 /opt/lampp/htdocs/codeigniter/app/Models/blogmodel.php(12): CodeIgniter\BaseModel->findAll()
#7 /opt/lampp/htdocs/codeigniter/app/Controllers/Page.php(9): App\Models\blogmodel->getPost()
#8 /opt/lampp/htdocs/codeigniter/system/CodeIgniter.php(936): App\Controllers\Page->index()
#9 /opt/lampp/htdocs/codeigniter/system/CodeIgniter.php(432): CodeIgniter\CodeIgniter->runController(Object(App\Controllers\Page))
#10 /opt/lampp/htdocs/codeigniter/system/CodeIgniter.php(333): CodeIgniter\CodeIgniter->handleRequest(NULL, Object(Config\Cache), false)
#11 /opt/lampp/htdocs/codeigniter/public/index.php(44): CodeIgniter\CodeIgniter->run()
#12 {main}
ERROR - 2021-04-30 03:17:47 --> mysqli_sql_exception: No database selected in /opt/lampp/htdocs/codeigniter/system/Database/MySQLi/Connection.php:314
Stack trace:
#0 /opt/lampp/htdocs/codeigniter/system/Database/MySQLi/Connection.php(314): mysqli->query('SELECT *\nFROM `...')
#1 /opt/lampp/htdocs/codeigniter/system/Database/BaseConnection.php(713): CodeIgniter\Database\MySQLi\Connection->execute('SELECT *\nFROM `...')
#2 /opt/lampp/htdocs/codeigniter/system/Database/BaseConnection.php(641): CodeIgniter\Database\BaseConnection->simpleQuery('SELECT *\nFROM `...')
#3 /opt/lampp/htdocs/codeigniter/system/Database/BaseBuilder.php(1866): CodeIgniter\Database\BaseConnection->query('SELECT *\nFROM `...', Array, false)
#4 /opt/lampp/htdocs/codeigniter/system/Model.php(213): CodeIgniter\Database\BaseBuilder->get()
#5 /opt/lampp/htdocs/codeigniter/system/BaseModel.php(583): CodeIgniter\Model->doFindAll(0, 0)
#6 /opt/lampp/htdocs/codeigniter/app/Models/blogmodel.php(12): CodeIgniter\BaseModel->findAll()
#7 /opt/lampp/htdocs/codeigniter/app/Controllers/Page.php(9): App\Models\blogmodel->getPost()
#8 /opt/lampp/htdocs/codeigniter/system/CodeIgniter.php(936): App\Controllers\Page->index()
#9 /opt/lampp/htdocs/codeigniter/system/CodeIgniter.php(432): CodeIgniter\CodeIgniter->runController(Object(App\Controllers\Page))
#10 /opt/lampp/htdocs/codeigniter/system/CodeIgniter.php(333): CodeIgniter\CodeIgniter->handleRequest(NULL, Object(Config\Cache), false)
#11 /opt/lampp/htdocs/codeigniter/public/index.php(44): CodeIgniter\CodeIgniter->run()
#12 {main}
ERROR - 2021-04-30 03:17:48 --> mysqli_sql_exception: No database selected in /opt/lampp/htdocs/codeigniter/system/Database/MySQLi/Connection.php:314
Stack trace:
#0 /opt/lampp/htdocs/codeigniter/system/Database/MySQLi/Connection.php(314): mysqli->query('SELECT *\nFROM `...')
#1 /opt/lampp/htdocs/codeigniter/system/Database/BaseConnection.php(713): CodeIgniter\Database\MySQLi\Connection->execute('SELECT *\nFROM `...')
#2 /opt/lampp/htdocs/codeigniter/system/Database/BaseConnection.php(641): CodeIgniter\Database\BaseConnection->simpleQuery('SELECT *\nFROM `...')
#3 /opt/lampp/htdocs/codeigniter/system/Database/BaseBuilder.php(1866): CodeIgniter\Database\BaseConnection->query('SELECT *\nFROM `...', Array, false)
#4 /opt/lampp/htdocs/codeigniter/system/Model.php(213): CodeIgniter\Database\BaseBuilder->get()
#5 /opt/lampp/htdocs/codeigniter/system/BaseModel.php(583): CodeIgniter\Model->doFindAll(0, 0)
#6 /opt/lampp/htdocs/codeigniter/app/Models/blogmodel.php(12): CodeIgniter\BaseModel->findAll()
#7 /opt/lampp/htdocs/codeigniter/app/Controllers/Page.php(9): App\Models\blogmodel->getPost()
#8 /opt/lampp/htdocs/codeigniter/system/CodeIgniter.php(936): App\Controllers\Page->index()
#9 /opt/lampp/htdocs/codeigniter/system/CodeIgniter.php(432): CodeIgniter\CodeIgniter->runController(Object(App\Controllers\Page))
#10 /opt/lampp/htdocs/codeigniter/system/CodeIgniter.php(333): CodeIgniter\CodeIgniter->handleRequest(NULL, Object(Config\Cache), false)
#11 /opt/lampp/htdocs/codeigniter/public/index.php(44): CodeIgniter\CodeIgniter->run()
#12 {main}
ERROR - 2021-04-30 03:17:48 --> mysqli_sql_exception: No database selected in /opt/lampp/htdocs/codeigniter/system/Database/MySQLi/Connection.php:314
Stack trace:
#0 /opt/lampp/htdocs/codeigniter/system/Database/MySQLi/Connection.php(314): mysqli->query('SELECT *\nFROM `...')
#1 /opt/lampp/htdocs/codeigniter/system/Database/BaseConnection.php(713): CodeIgniter\Database\MySQLi\Connection->execute('SELECT *\nFROM `...')
#2 /opt/lampp/htdocs/codeigniter/system/Database/BaseConnection.php(641): CodeIgniter\Database\BaseConnection->simpleQuery('SELECT *\nFROM `...')
#3 /opt/lampp/htdocs/codeigniter/system/Database/BaseBuilder.php(1866): CodeIgniter\Database\BaseConnection->query('SELECT *\nFROM `...', Array, false)
#4 /opt/lampp/htdocs/codeigniter/system/Model.php(213): CodeIgniter\Database\BaseBuilder->get()
#5 /opt/lampp/htdocs/codeigniter/system/BaseModel.php(583): CodeIgniter\Model->doFindAll(0, 0)
#6 /opt/lampp/htdocs/codeigniter/app/Models/blogmodel.php(12): CodeIgniter\BaseModel->findAll()
#7 /opt/lampp/htdocs/codeigniter/app/Controllers/Page.php(9): App\Models\blogmodel->getPost()
#8 /opt/lampp/htdocs/codeigniter/system/CodeIgniter.php(936): App\Controllers\Page->index()
#9 /opt/lampp/htdocs/codeigniter/system/CodeIgniter.php(432): CodeIgniter\CodeIgniter->runController(Object(App\Controllers\Page))
#10 /opt/lampp/htdocs/codeigniter/system/CodeIgniter.php(333): CodeIgniter\CodeIgniter->handleRequest(NULL, Object(Config\Cache), false)
#11 /opt/lampp/htdocs/codeigniter/public/index.php(44): CodeIgniter\CodeIgniter->run()
#12 {main}
ERROR - 2021-04-30 03:17:48 --> mysqli_sql_exception: No database selected in /opt/lampp/htdocs/codeigniter/system/Database/MySQLi/Connection.php:314
Stack trace:
#0 /opt/lampp/htdocs/codeigniter/system/Database/MySQLi/Connection.php(314): mysqli->query('SELECT *\nFROM `...')
#1 /opt/lampp/htdocs/codeigniter/system/Database/BaseConnection.php(713): CodeIgniter\Database\MySQLi\Connection->execute('SELECT *\nFROM `...')
#2 /opt/lampp/htdocs/codeigniter/system/Database/BaseConnection.php(641): CodeIgniter\Database\BaseConnection->simpleQuery('SELECT *\nFROM `...')
#3 /opt/lampp/htdocs/codeigniter/system/Database/BaseBuilder.php(1866): CodeIgniter\Database\BaseConnection->query('SELECT *\nFROM `...', Array, false)
#4 /opt/lampp/htdocs/codeigniter/system/Model.php(213): CodeIgniter\Database\BaseBuilder->get()
#5 /opt/lampp/htdocs/codeigniter/system/BaseModel.php(583): CodeIgniter\Model->doFindAll(0, 0)
#6 /opt/lampp/htdocs/codeigniter/app/Models/blogmodel.php(12): CodeIgniter\BaseModel->findAll()
#7 /opt/lampp/htdocs/codeigniter/app/Controllers/Page.php(9): App\Models\blogmodel->getPost()
#8 /opt/lampp/htdocs/codeigniter/system/CodeIgniter.php(936): App\Controllers\Page->index()
#9 /opt/lampp/htdocs/codeigniter/system/CodeIgniter.php(432): CodeIgniter\CodeIgniter->runController(Object(App\Controllers\Page))
#10 /opt/lampp/htdocs/codeigniter/system/CodeIgniter.php(333): CodeIgniter\CodeIgniter->handleRequest(NULL, Object(Config\Cache), false)
#11 /opt/lampp/htdocs/codeigniter/public/index.php(44): CodeIgniter\CodeIgniter->run()
#12 {main}
ERROR - 2021-04-30 03:17:48 --> mysqli_sql_exception: No database selected in /opt/lampp/htdocs/codeigniter/system/Database/MySQLi/Connection.php:314
Stack trace:
#0 /opt/lampp/htdocs/codeigniter/system/Database/MySQLi/Connection.php(314): mysqli->query('SELECT *\nFROM `...')
#1 /opt/lampp/htdocs/codeigniter/system/Database/BaseConnection.php(713): CodeIgniter\Database\MySQLi\Connection->execute('SELECT *\nFROM `...')
#2 /opt/lampp/htdocs/codeigniter/system/Database/BaseConnection.php(641): CodeIgniter\Database\BaseConnection->simpleQuery('SELECT *\nFROM `...')
#3 /opt/lampp/htdocs/codeigniter/system/Database/BaseBuilder.php(1866): CodeIgniter\Database\BaseConnection->query('SELECT *\nFROM `...', Array, false)
#4 /opt/lampp/htdocs/codeigniter/system/Model.php(213): CodeIgniter\Database\BaseBuilder->get()
#5 /opt/lampp/htdocs/codeigniter/system/BaseModel.php(583): CodeIgniter\Model->doFindAll(0, 0)
#6 /opt/lampp/htdocs/codeigniter/app/Models/blogmodel.php(12): CodeIgniter\BaseModel->findAll()
#7 /opt/lampp/htdocs/codeigniter/app/Controllers/Page.php(9): App\Models\blogmodel->getPost()
#8 /opt/lampp/htdocs/codeigniter/system/CodeIgniter.php(936): App\Controllers\Page->index()
#9 /opt/lampp/htdocs/codeigniter/system/CodeIgniter.php(432): CodeIgniter\CodeIgniter->runController(Object(App\Controllers\Page))
#10 /opt/lampp/htdocs/codeigniter/system/CodeIgniter.php(333): CodeIgniter\CodeIgniter->handleRequest(NULL, Object(Config\Cache), false)
#11 /opt/lampp/htdocs/codeigniter/public/index.php(44): CodeIgniter\CodeIgniter->run()
#12 {main}
ERROR - 2021-04-30 03:17:48 --> mysqli_sql_exception: No database selected in /opt/lampp/htdocs/codeigniter/system/Database/MySQLi/Connection.php:314
Stack trace:
#0 /opt/lampp/htdocs/codeigniter/system/Database/MySQLi/Connection.php(314): mysqli->query('SELECT COUNT(*)...')
#1 /opt/lampp/htdocs/codeigniter/system/Database/BaseConnection.php(713): CodeIgniter\Database\MySQLi\Connection->execute('SELECT COUNT(*)...')
#2 /opt/lampp/htdocs/codeigniter/system/Database/BaseConnection.php(641): CodeIgniter\Database\BaseConnection->simpleQuery('SELECT COUNT(*)...')
#3 /opt/lampp/htdocs/codeigniter/system/Database/BaseBuilder.php(1966): CodeIgniter\Database\BaseConnection->query('SELECT COUNT(*)...', Array, false)
#4 /opt/lampp/htdocs/codeigniter/system/Model.php(570): CodeIgniter\Database\BaseBuilder->countAllResults(false)
#5 /opt/lampp/htdocs/codeigniter/system/BaseModel.php(1140): CodeIgniter\Model->countAllResults(false)
#6 /opt/lampp/htdocs/codeigniter/app/Controllers/Page.php(26): CodeIgniter\BaseModel->paginate(6, 'post')
#7 /opt/lampp/htdocs/codeigniter/system/CodeIgniter.php(936): App\Controllers\Page->all_post()
#8 /opt/lampp/htdocs/codeigniter/system/CodeIgniter.php(432): CodeIgniter\CodeIgniter->runController(Object(App\Controllers\Page))
#9 /opt/lampp/htdocs/codeigniter/system/CodeIgniter.php(333): CodeIgniter\CodeIgniter->handleRequest(NULL, Object(Config\Cache), false)
#10 /opt/lampp/htdocs/codeigniter/public/index.php(44): CodeIgniter\CodeIgniter->run()
#11 {main}
ERROR - 2021-04-30 03:17:48 --> mysqli_sql_exception: No database selected in /opt/lampp/htdocs/codeigniter/system/Database/MySQLi/Connection.php:314
Stack trace:
#0 /opt/lampp/htdocs/codeigniter/system/Database/MySQLi/Connection.php(314): mysqli->query('SELECT *\nFROM `...')
#1 /opt/lampp/htdocs/codeigniter/system/Database/BaseConnection.php(713): CodeIgniter\Database\MySQLi\Connection->execute('SELECT *\nFROM `...')
#2 /opt/lampp/htdocs/codeigniter/system/Database/BaseConnection.php(641): CodeIgniter\Database\BaseConnection->simpleQuery('SELECT *\nFROM `...')
#3 /opt/lampp/htdocs/codeigniter/system/Database/BaseBuilder.php(1866): CodeIgniter\Database\BaseConnection->query('SELECT *\nFROM `...', Array, false)
#4 /opt/lampp/htdocs/codeigniter/system/Model.php(213): CodeIgniter\Database\BaseBuilder->get()
#5 /opt/lampp/htdocs/codeigniter/system/BaseModel.php(583): CodeIgniter\Model->doFindAll(6, 0)
#6 /opt/lampp/htdocs/codeigniter/system/BaseModel.php(1144): CodeIgniter\BaseModel->findAll(6, 0)
#7 /opt/lampp/htdocs/codeigniter/app/Controllers/Page.php(26): CodeIgniter\BaseModel->paginate(6, 'post')
#8 /opt/lampp/htdocs/codeigniter/system/CodeIgniter.php(936): App\Controllers\Page->all_post()
#9 /opt/lampp/htdocs/codeigniter/system/CodeIgniter.php(432): CodeIgniter\CodeIgniter->runController(Object(App\Controllers\Page))
#10 /opt/lampp/htdocs/codeigniter/system/CodeIgniter.php(333): CodeIgniter\CodeIgniter->handleRequest(NULL, Object(Config\Cache), false)
#11 /opt/lampp/htdocs/codeigniter/public/index.php(44): CodeIgniter\CodeIgniter->run()
#12 {main}
ERROR - 2021-04-30 03:17:48 --> mysqli_sql_exception: No database selected in /opt/lampp/htdocs/codeigniter/system/Database/MySQLi/Connection.php:314
Stack trace:
#0 /opt/lampp/htdocs/codeigniter/system/Database/MySQLi/Connection.php(314): mysqli->query('SELECT *\nFROM `...')
#1 /opt/lampp/htdocs/codeigniter/system/Database/BaseConnection.php(713): CodeIgniter\Database\MySQLi\Connection->execute('SELECT *\nFROM `...')
#2 /opt/lampp/htdocs/codeigniter/system/Database/BaseConnection.php(641): CodeIgniter\Database\BaseConnection->simpleQuery('SELECT *\nFROM `...')
#3 /opt/lampp/htdocs/codeigniter/system/Database/BaseBuilder.php(1866): CodeIgniter\Database\BaseConnection->query('SELECT *\nFROM `...', Array, false)
#4 /opt/lampp/htdocs/codeigniter/system/Model.php(213): CodeIgniter\Database\BaseBuilder->get()
#5 /opt/lampp/htdocs/codeigniter/system/BaseModel.php(583): CodeIgniter\Model->doFindAll(0, 0)
#6 /opt/lampp/htdocs/codeigniter/app/Models/blogmodel.php(12): CodeIgniter\BaseModel->findAll()
#7 /opt/lampp/htdocs/codeigniter/app/Controllers/Page.php(9): App\Models\blogmodel->getPost()
#8 /opt/lampp/htdocs/codeigniter/system/CodeIgniter.php(936): App\Controllers\Page->index()
#9 /opt/lampp/htdocs/codeigniter/system/CodeIgniter.php(432): CodeIgniter\CodeIgniter->runController(Object(App\Controllers\Page))
#10 /opt/lampp/htdocs/codeigniter/system/CodeIgniter.php(333): CodeIgniter\CodeIgniter->handleRequest(NULL, Object(Config\Cache), false)
#11 /opt/lampp/htdocs/codeigniter/public/index.php(44): CodeIgniter\CodeIgniter->run()
#12 {main}
ERROR - 2021-04-30 03:17:49 --> mysqli_sql_exception: No database selected in /opt/lampp/htdocs/codeigniter/system/Database/MySQLi/Connection.php:314
Stack trace:
#0 /opt/lampp/htdocs/codeigniter/system/Database/MySQLi/Connection.php(314): mysqli->query('SELECT *\nFROM `...')
#1 /opt/lampp/htdocs/codeigniter/system/Database/BaseConnection.php(713): CodeIgniter\Database\MySQLi\Connection->execute('SELECT *\nFROM `...')
#2 /opt/lampp/htdocs/codeigniter/system/Database/BaseConnection.php(641): CodeIgniter\Database\BaseConnection->simpleQuery('SELECT *\nFROM `...')
#3 /opt/lampp/htdocs/codeigniter/system/Database/BaseBuilder.php(1866): CodeIgniter\Database\BaseConnection->query('SELECT *\nFROM `...', Array, false)
#4 /opt/lampp/htdocs/codeigniter/system/Model.php(213): CodeIgniter\Database\BaseBuilder->get()
#5 /opt/lampp/htdocs/codeigniter/system/BaseModel.php(583): CodeIgniter\Model->doFindAll(0, 0)
#6 /opt/lampp/htdocs/codeigniter/app/Models/blogmodel.php(12): CodeIgniter\BaseModel->findAll()
#7 /opt/lampp/htdocs/codeigniter/app/Controllers/Page.php(9): App\Models\blogmodel->getPost()
#8 /opt/lampp/htdocs/codeigniter/system/CodeIgniter.php(936): App\Controllers\Page->index()
#9 /opt/lampp/htdocs/codeigniter/system/CodeIgniter.php(432): CodeIgniter\CodeIgniter->runController(Object(App\Controllers\Page))
#10 /opt/lampp/htdocs/codeigniter/system/CodeIgniter.php(333): CodeIgniter\CodeIgniter->handleRequest(NULL, Object(Config\Cache), false)
#11 /opt/lampp/htdocs/codeigniter/public/index.php(44): CodeIgniter\CodeIgniter->run()
#12 {main}
ERROR - 2021-04-30 03:17:49 --> mysqli_sql_exception: No database selected in /opt/lampp/htdocs/codeigniter/system/Database/MySQLi/Connection.php:314
Stack trace:
#0 /opt/lampp/htdocs/codeigniter/system/Database/MySQLi/Connection.php(314): mysqli->query('SELECT *\nFROM `...')
#1 /opt/lampp/htdocs/codeigniter/system/Database/BaseConnection.php(713): CodeIgniter\Database\MySQLi\Connection->execute('SELECT *\nFROM `...')
#2 /opt/lampp/htdocs/codeigniter/system/Database/BaseConnection.php(641): CodeIgniter\Database\BaseConnection->simpleQuery('SELECT *\nFROM `...')
#3 /opt/lampp/htdocs/codeigniter/system/Database/BaseBuilder.php(1866): CodeIgniter\Database\BaseConnection->query('SELECT *\nFROM `...', Array, false)
#4 /opt/lampp/htdocs/codeigniter/system/Model.php(213): CodeIgniter\Database\BaseBuilder->get()
#5 /opt/lampp/htdocs/codeigniter/system/BaseModel.php(583): CodeIgniter\Model->doFindAll(0, 0)
#6 /opt/lampp/htdocs/codeigniter/app/Models/blogmodel.php(12): CodeIgniter\BaseModel->findAll()
#7 /opt/lampp/htdocs/codeigniter/app/Controllers/Page.php(9): App\Models\blogmodel->getPost()
#8 /opt/lampp/htdocs/codeigniter/system/CodeIgniter.php(936): App\Controllers\Page->index()
#9 /opt/lampp/htdocs/codeigniter/system/CodeIgniter.php(432): CodeIgniter\CodeIgniter->runController(Object(App\Controllers\Page))
#10 /opt/lampp/htdocs/codeigniter/system/CodeIgniter.php(333): CodeIgniter\CodeIgniter->handleRequest(NULL, Object(Config\Cache), false)
#11 /opt/lampp/htdocs/codeigniter/public/index.php(44): CodeIgniter\CodeIgniter->run()
#12 {main}
ERROR - 2021-04-30 03:19:06 --> mysqli_sql_exception: No database selected in /opt/lampp/htdocs/codeigniter/system/Database/MySQLi/Connection.php:314
Stack trace:
#0 /opt/lampp/htdocs/codeigniter/system/Database/MySQLi/Connection.php(314): mysqli->query('SELECT *\nFROM `...')
#1 /opt/lampp/htdocs/codeigniter/system/Database/BaseConnection.php(713): CodeIgniter\Database\MySQLi\Connection->execute('SELECT *\nFROM `...')
#2 /opt/lampp/htdocs/codeigniter/system/Database/BaseConnection.php(641): CodeIgniter\Database\BaseConnection->simpleQuery('SELECT *\nFROM `...')
#3 /opt/lampp/htdocs/codeigniter/system/Database/BaseBuilder.php(1866): CodeIgniter\Database\BaseConnection->query('SELECT *\nFROM `...', Array, false)
#4 /opt/lampp/htdocs/codeigniter/system/Model.php(213): CodeIgniter\Database\BaseBuilder->get()
#5 /opt/lampp/htdocs/codeigniter/system/BaseModel.php(583): CodeIgniter\Model->doFindAll(0, 0)
#6 /opt/lampp/htdocs/codeigniter/app/Models/blogmodel.php(12): CodeIgniter\BaseModel->findAll()
#7 /opt/lampp/htdocs/codeigniter/app/Controllers/Page.php(9): App\Models\blogmodel->getPost()
#8 /opt/lampp/htdocs/codeigniter/system/CodeIgniter.php(936): App\Controllers\Page->index()
#9 /opt/lampp/htdocs/codeigniter/system/CodeIgniter.php(432): CodeIgniter\CodeIgniter->runController(Object(App\Controllers\Page))
#10 /opt/lampp/htdocs/codeigniter/system/CodeIgniter.php(333): CodeIgniter\CodeIgniter->handleRequest(NULL, Object(Config\Cache), false)
#11 /opt/lampp/htdocs/codeigniter/public/index.php(44): CodeIgniter\CodeIgniter->run()
#12 {main}
ERROR - 2021-04-30 03:19:09 --> mysqli_sql_exception: No database selected in /opt/lampp/htdocs/codeigniter/system/Database/MySQLi/Connection.php:314
Stack trace:
#0 /opt/lampp/htdocs/codeigniter/system/Database/MySQLi/Connection.php(314): mysqli->query('SELECT *\nFROM `...')
#1 /opt/lampp/htdocs/codeigniter/system/Database/BaseConnection.php(713): CodeIgniter\Database\MySQLi\Connection->execute('SELECT *\nFROM `...')
#2 /opt/lampp/htdocs/codeigniter/system/Database/BaseConnection.php(641): CodeIgniter\Database\BaseConnection->simpleQuery('SELECT *\nFROM `...')
#3 /opt/lampp/htdocs/codeigniter/system/Database/BaseBuilder.php(1866): CodeIgniter\Database\BaseConnection->query('SELECT *\nFROM `...', Array, false)
#4 /opt/lampp/htdocs/codeigniter/system/Model.php(213): CodeIgniter\Database\BaseBuilder->get()
#5 /opt/lampp/htdocs/codeigniter/system/BaseModel.php(583): CodeIgniter\Model->doFindAll(0, 0)
#6 /opt/lampp/htdocs/codeigniter/app/Models/blogmodel.php(12): CodeIgniter\BaseModel->findAll()
#7 /opt/lampp/htdocs/codeigniter/app/Controllers/Page.php(9): App\Models\blogmodel->getPost()
#8 /opt/lampp/htdocs/codeigniter/system/CodeIgniter.php(936): App\Controllers\Page->index()
#9 /opt/lampp/htdocs/codeigniter/system/CodeIgniter.php(432): CodeIgniter\CodeIgniter->runController(Object(App\Controllers\Page))
#10 /opt/lampp/htdocs/codeigniter/system/CodeIgniter.php(333): CodeIgniter\CodeIgniter->handleRequest(NULL, Object(Config\Cache), false)
#11 /opt/lampp/htdocs/codeigniter/public/index.php(44): CodeIgniter\CodeIgniter->run()
#12 {main}
ERROR - 2021-04-30 03:19:09 --> mysqli_sql_exception: No database selected in /opt/lampp/htdocs/codeigniter/system/Database/MySQLi/Connection.php:314
Stack trace:
#0 /opt/lampp/htdocs/codeigniter/system/Database/MySQLi/Connection.php(314): mysqli->query('SELECT *\nFROM `...')
#1 /opt/lampp/htdocs/codeigniter/system/Database/BaseConnection.php(713): CodeIgniter\Database\MySQLi\Connection->execute('SELECT *\nFROM `...')
#2 /opt/lampp/htdocs/codeigniter/system/Database/BaseConnection.php(641): CodeIgniter\Database\BaseConnection->simpleQuery('SELECT *\nFROM `...')
#3 /opt/lampp/htdocs/codeigniter/system/Database/BaseBuilder.php(1866): CodeIgniter\Database\BaseConnection->query('SELECT *\nFROM `...', Array, false)
#4 /opt/lampp/htdocs/codeigniter/system/Model.php(213): CodeIgniter\Database\BaseBuilder->get()
#5 /opt/lampp/htdocs/codeigniter/system/BaseModel.php(583): CodeIgniter\Model->doFindAll(0, 0)
#6 /opt/lampp/htdocs/codeigniter/app/Models/blogmodel.php(12): CodeIgniter\BaseModel->findAll()
#7 /opt/lampp/htdocs/codeigniter/app/Controllers/Page.php(9): App\Models\blogmodel->getPost()
#8 /opt/lampp/htdocs/codeigniter/system/CodeIgniter.php(936): App\Controllers\Page->index()
#9 /opt/lampp/htdocs/codeigniter/system/CodeIgniter.php(432): CodeIgniter\CodeIgniter->runController(Object(App\Controllers\Page))
#10 /opt/lampp/htdocs/codeigniter/system/CodeIgniter.php(333): CodeIgniter\CodeIgniter->handleRequest(NULL, Object(Config\Cache), false)
#11 /opt/lampp/htdocs/codeigniter/public/index.php(44): CodeIgniter\CodeIgniter->run()
#12 {main}
ERROR - 2021-04-30 03:19:09 --> mysqli_sql_exception: No database selected in /opt/lampp/htdocs/codeigniter/system/Database/MySQLi/Connection.php:314
Stack trace:
#0 /opt/lampp/htdocs/codeigniter/system/Database/MySQLi/Connection.php(314): mysqli->query('SELECT COUNT(*)...')
#1 /opt/lampp/htdocs/codeigniter/system/Database/BaseConnection.php(713): CodeIgniter\Database\MySQLi\Connection->execute('SELECT COUNT(*)...')
#2 /opt/lampp/htdocs/codeigniter/system/Database/BaseConnection.php(641): CodeIgniter\Database\BaseConnection->simpleQuery('SELECT COUNT(*)...')
#3 /opt/lampp/htdocs/codeigniter/system/Database/BaseBuilder.php(1966): CodeIgniter\Database\BaseConnection->query('SELECT COUNT(*)...', Array, false)
#4 /opt/lampp/htdocs/codeigniter/system/Model.php(570): CodeIgniter\Database\BaseBuilder->countAllResults(false)
#5 /opt/lampp/htdocs/codeigniter/system/BaseModel.php(1140): CodeIgniter\Model->countAllResults(false)
#6 /opt/lampp/htdocs/codeigniter/app/Controllers/Page.php(26): CodeIgniter\BaseModel->paginate(6, 'post')
#7 /opt/lampp/htdocs/codeigniter/system/CodeIgniter.php(936): App\Controllers\Page->all_post()
#8 /opt/lampp/htdocs/codeigniter/system/CodeIgniter.php(432): CodeIgniter\CodeIgniter->runController(Object(App\Controllers\Page))
#9 /opt/lampp/htdocs/codeigniter/system/CodeIgniter.php(333): CodeIgniter\CodeIgniter->handleRequest(NULL, Object(Config\Cache), false)
#10 /opt/lampp/htdocs/codeigniter/public/index.php(44): CodeIgniter\CodeIgniter->run()
#11 {main}
ERROR - 2021-04-30 03:19:09 --> mysqli_sql_exception: No database selected in /opt/lampp/htdocs/codeigniter/system/Database/MySQLi/Connection.php:314
Stack trace:
#0 /opt/lampp/htdocs/codeigniter/system/Database/MySQLi/Connection.php(314): mysqli->query('SELECT *\nFROM `...')
#1 /opt/lampp/htdocs/codeigniter/system/Database/BaseConnection.php(713): CodeIgniter\Database\MySQLi\Connection->execute('SELECT *\nFROM `...')
#2 /opt/lampp/htdocs/codeigniter/system/Database/BaseConnection.php(641): CodeIgniter\Database\BaseConnection->simpleQuery('SELECT *\nFROM `...')
#3 /opt/lampp/htdocs/codeigniter/system/Database/BaseBuilder.php(1866): CodeIgniter\Database\BaseConnection->query('SELECT *\nFROM `...', Array, false)
#4 /opt/lampp/htdocs/codeigniter/system/Model.php(213): CodeIgniter\Database\BaseBuilder->get()
#5 /opt/lampp/htdocs/codeigniter/system/BaseModel.php(583): CodeIgniter\Model->doFindAll(6, 0)
#6 /opt/lampp/htdocs/codeigniter/system/BaseModel.php(1144): CodeIgniter\BaseModel->findAll(6, 0)
#7 /opt/lampp/htdocs/codeigniter/app/Controllers/Page.php(26): CodeIgniter\BaseModel->paginate(6, 'post')
#8 /opt/lampp/htdocs/codeigniter/system/CodeIgniter.php(936): App\Controllers\Page->all_post()
#9 /opt/lampp/htdocs/codeigniter/system/CodeIgniter.php(432): CodeIgniter\CodeIgniter->runController(Object(App\Controllers\Page))
#10 /opt/lampp/htdocs/codeigniter/system/CodeIgniter.php(333): CodeIgniter\CodeIgniter->handleRequest(NULL, Object(Config\Cache), false)
#11 /opt/lampp/htdocs/codeigniter/public/index.php(44): CodeIgniter\CodeIgniter->run()
#12 {main}
ERROR - 2021-04-30 03:19:10 --> mysqli_sql_exception: No database selected in /opt/lampp/htdocs/codeigniter/system/Database/MySQLi/Connection.php:314
Stack trace:
#0 /opt/lampp/htdocs/codeigniter/system/Database/MySQLi/Connection.php(314): mysqli->query('SELECT *\nFROM `...')
#1 /opt/lampp/htdocs/codeigniter/system/Database/BaseConnection.php(713): CodeIgniter\Database\MySQLi\Connection->execute('SELECT *\nFROM `...')
#2 /opt/lampp/htdocs/codeigniter/system/Database/BaseConnection.php(641): CodeIgniter\Database\BaseConnection->simpleQuery('SELECT *\nFROM `...')
#3 /opt/lampp/htdocs/codeigniter/system/Database/BaseBuilder.php(1866): CodeIgniter\Database\BaseConnection->query('SELECT *\nFROM `...', Array, false)
#4 /opt/lampp/htdocs/codeigniter/system/Model.php(247): CodeIgniter\Database\BaseBuilder->get()
#5 /opt/lampp/htdocs/codeigniter/system/BaseModel.php(624): CodeIgniter\Model->doFirst()
#6 /opt/lampp/htdocs/codeigniter/app/Models/blogmodel.php(16): CodeIgniter\BaseModel->first()
#7 /opt/lampp/htdocs/codeigniter/app/Controllers/Page.php(17): App\Models\blogmodel->getPost('asset')
#8 /opt/lampp/htdocs/codeigniter/system/CodeIgniter.php(936): App\Controllers\Page->post('asset', 'style.css')
#9 /opt/lampp/htdocs/codeigniter/system/CodeIgniter.php(432): CodeIgniter\CodeIgniter->runController(Object(App\Controllers\Page))
#10 /opt/lampp/htdocs/codeigniter/system/CodeIgniter.php(333): CodeIgniter\CodeIgniter->handleRequest(NULL, Object(Config\Cache), false)
#11 /opt/lampp/htdocs/codeigniter/public/index.php(44): CodeIgniter\CodeIgniter->run()
#12 {main}
