CRITICAL - 2021-04-28 03:21:41 --> Undefined index: id
#0 /opt/lampp/htdocs/codeigniter/app/Views/page/home.php(23): CodeIgniter\Debug\Exceptions->errorHandler(8, 'Undefined index...', '/opt/lampp/htdo...', 23, Array)
#1 /opt/lampp/htdocs/codeigniter/system/View/View.php(220): include('/opt/lampp/htdo...')
#2 /opt/lampp/htdocs/codeigniter/system/View/View.php(222): CodeIgniter\View\View->CodeIgniter\View\{closure}()
#3 /opt/lampp/htdocs/codeigniter/system/Common.php(1217): CodeIgniter\View\View->render('page/home', Array, true)
#4 /opt/lampp/htdocs/codeigniter/app/Controllers/Page.php(11): view('page/home')
#5 /opt/lampp/htdocs/codeigniter/system/CodeIgniter.php(936): App\Controllers\Page->index()
#6 /opt/lampp/htdocs/codeigniter/system/CodeIgniter.php(432): CodeIgniter\CodeIgniter->runController(Object(App\Controllers\Page))
#7 /opt/lampp/htdocs/codeigniter/system/CodeIgniter.php(333): CodeIgniter\CodeIgniter->handleRequest(NULL, Object(Config\Cache), false)
#8 /opt/lampp/htdocs/codeigniter/public/index.php(44): CodeIgniter\CodeIgniter->run()
#9 {main}
CRITICAL - 2021-04-28 03:41:57 --> Undefined variable: news
#0 /opt/lampp/htdocs/codeigniter/app/Views/page/all_blogs.php(12): CodeIgniter\Debug\Exceptions->errorHandler(8, 'Undefined varia...', '/opt/lampp/htdo...', 12, Array)
#1 /opt/lampp/htdocs/codeigniter/system/View/View.php(220): include('/opt/lampp/htdo...')
#2 /opt/lampp/htdocs/codeigniter/system/View/View.php(222): CodeIgniter\View\View->CodeIgniter\View\{closure}()
#3 /opt/lampp/htdocs/codeigniter/system/Common.php(1217): CodeIgniter\View\View->render('page/all_blogs', Array, true)
#4 /opt/lampp/htdocs/codeigniter/app/Controllers/Page.php(21): view('page/all_blogs')
#5 /opt/lampp/htdocs/codeigniter/system/CodeIgniter.php(936): App\Controllers\Page->showme('all_blogs')
#6 /opt/lampp/htdocs/codeigniter/system/CodeIgniter.php(432): CodeIgniter\CodeIgniter->runController(Object(App\Controllers\Page))
#7 /opt/lampp/htdocs/codeigniter/system/CodeIgniter.php(333): CodeIgniter\CodeIgniter->handleRequest(NULL, Object(Config\Cache), false)
#8 /opt/lampp/htdocs/codeigniter/public/index.php(44): CodeIgniter\CodeIgniter->run()
#9 {main}
CRITICAL - 2021-04-28 03:54:44 --> Undefined index: id
#0 /opt/lampp/htdocs/codeigniter/app/Views/page/all_blogs.php(11): CodeIgniter\Debug\Exceptions->errorHandler(8, 'Undefined index...', '/opt/lampp/htdo...', 11, Array)
#1 /opt/lampp/htdocs/codeigniter/system/View/View.php(220): include('/opt/lampp/htdo...')
#2 /opt/lampp/htdocs/codeigniter/system/View/View.php(222): CodeIgniter\View\View->CodeIgniter\View\{closure}()
#3 /opt/lampp/htdocs/codeigniter/system/Common.php(1217): CodeIgniter\View\View->render('page/all_blogs', Array, true)
#4 /opt/lampp/htdocs/codeigniter/app/Controllers/Page.php(19): view('page/all_blogs')
#5 /opt/lampp/htdocs/codeigniter/system/CodeIgniter.php(936): App\Controllers\Page->all_post()
#6 /opt/lampp/htdocs/codeigniter/system/CodeIgniter.php(432): CodeIgniter\CodeIgniter->runController(Object(App\Controllers\Page))
#7 /opt/lampp/htdocs/codeigniter/system/CodeIgniter.php(333): CodeIgniter\CodeIgniter->handleRequest(NULL, Object(Config\Cache), false)
#8 /opt/lampp/htdocs/codeigniter/public/index.php(44): CodeIgniter\CodeIgniter->run()
#9 {main}
CRITICAL - 2021-04-28 14:42:55 --> Undefined variable: news
#0 /opt/lampp/htdocs/codeigniter/app/Views/page/all_blogs.php(8): CodeIgniter\Debug\Exceptions->errorHandler(8, 'Undefined varia...', '/opt/lampp/htdo...', 8, Array)
#1 /opt/lampp/htdocs/codeigniter/system/View/View.php(220): include('/opt/lampp/htdo...')
#2 /opt/lampp/htdocs/codeigniter/system/View/View.php(222): CodeIgniter\View\View->CodeIgniter\View\{closure}()
#3 /opt/lampp/htdocs/codeigniter/system/Common.php(1217): CodeIgniter\View\View->render('page/all_blogs', Array, true)
#4 /opt/lampp/htdocs/codeigniter/app/Controllers/Page.php(20): view('page/all_blogs')
#5 /opt/lampp/htdocs/codeigniter/system/CodeIgniter.php(936): App\Controllers\Page->all_post()
#6 /opt/lampp/htdocs/codeigniter/system/CodeIgniter.php(432): CodeIgniter\CodeIgniter->runController(Object(App\Controllers\Page))
#7 /opt/lampp/htdocs/codeigniter/system/CodeIgniter.php(333): CodeIgniter\CodeIgniter->handleRequest(NULL, Object(Config\Cache), false)
#8 /opt/lampp/htdocs/codeigniter/public/index.php(44): CodeIgniter\CodeIgniter->run()
#9 {main}
CRITICAL - 2021-04-28 15:18:52 --> Undefined variable: peoples
#0 /opt/lampp/htdocs/codeigniter/app/Controllers/Page.php(18): CodeIgniter\Debug\Exceptions->errorHandler(8, 'Undefined varia...', '/opt/lampp/htdo...', 18, Array)
#1 /opt/lampp/htdocs/codeigniter/system/CodeIgniter.php(936): App\Controllers\Page->all_post()
#2 /opt/lampp/htdocs/codeigniter/system/CodeIgniter.php(432): CodeIgniter\CodeIgniter->runController(Object(App\Controllers\Page))
#3 /opt/lampp/htdocs/codeigniter/system/CodeIgniter.php(333): CodeIgniter\CodeIgniter->handleRequest(NULL, Object(Config\Cache), false)
#4 /opt/lampp/htdocs/codeigniter/public/index.php(44): CodeIgniter\CodeIgniter->run()
#5 {main}
CRITICAL - 2021-04-28 15:24:20 --> Invalid file: App\Views\Pagers\peoples_pagination.php
#0 /opt/lampp/htdocs/codeigniter/system/View/View.php(203): CodeIgniter\Exceptions\FrameworkException::forInvalidFile('App\\Views\\Pager...')
#1 /opt/lampp/htdocs/codeigniter/system/Pager/Pager.php(158): CodeIgniter\View\View->render('App\\Views\\Pager...')
#2 /opt/lampp/htdocs/codeigniter/system/Pager/Pager.php(93): CodeIgniter\Pager\Pager->displayLinks('peoples', 'peoples_paginat...')
#3 /opt/lampp/htdocs/codeigniter/app/Views/page/all_blogs.php(27): CodeIgniter\Pager\Pager->links('peoples', 'peoples_paginat...')
#4 /opt/lampp/htdocs/codeigniter/system/View/View.php(220): include('/opt/lampp/htdo...')
#5 /opt/lampp/htdocs/codeigniter/system/View/View.php(222): CodeIgniter\View\View->CodeIgniter\View\{closure}()
#6 /opt/lampp/htdocs/codeigniter/system/Common.php(1217): CodeIgniter\View\View->render('page/all_blogs', Array, true)
#7 /opt/lampp/htdocs/codeigniter/app/Controllers/Page.php(21): view('page/all_blogs')
#8 /opt/lampp/htdocs/codeigniter/system/CodeIgniter.php(936): App\Controllers\Page->all_post()
#9 /opt/lampp/htdocs/codeigniter/system/CodeIgniter.php(432): CodeIgniter\CodeIgniter->runController(Object(App\Controllers\Page))
#10 /opt/lampp/htdocs/codeigniter/system/CodeIgniter.php(333): CodeIgniter\CodeIgniter->handleRequest(NULL, Object(Config\Cache), false)
#11 /opt/lampp/htdocs/codeigniter/public/index.php(44): CodeIgniter\CodeIgniter->run()
#12 {main}
CRITICAL - 2021-04-28 15:25:36 --> pagination is not a valid Pager template.
#0 /opt/lampp/htdocs/codeigniter/system/Pager/Pager.php(154): CodeIgniter\Pager\Exceptions\PagerException::forInvalidTemplate('pagination')
#1 /opt/lampp/htdocs/codeigniter/system/Pager/Pager.php(93): CodeIgniter\Pager\Pager->displayLinks('peoples', 'pagination')
#2 /opt/lampp/htdocs/codeigniter/app/Views/page/all_blogs.php(27): CodeIgniter\Pager\Pager->links('peoples', 'pagination')
#3 /opt/lampp/htdocs/codeigniter/system/View/View.php(220): include('/opt/lampp/htdo...')
#4 /opt/lampp/htdocs/codeigniter/system/View/View.php(222): CodeIgniter\View\View->CodeIgniter\View\{closure}()
#5 /opt/lampp/htdocs/codeigniter/system/Common.php(1217): CodeIgniter\View\View->render('page/all_blogs', Array, true)
#6 /opt/lampp/htdocs/codeigniter/app/Controllers/Page.php(21): view('page/all_blogs')
#7 /opt/lampp/htdocs/codeigniter/system/CodeIgniter.php(936): App\Controllers\Page->all_post()
#8 /opt/lampp/htdocs/codeigniter/system/CodeIgniter.php(432): CodeIgniter\CodeIgniter->runController(Object(App\Controllers\Page))
#9 /opt/lampp/htdocs/codeigniter/system/CodeIgniter.php(333): CodeIgniter\CodeIgniter->handleRequest(NULL, Object(Config\Cache), false)
#10 /opt/lampp/htdocs/codeigniter/public/index.php(44): CodeIgniter\CodeIgniter->run()
#11 {main}
CRITICAL - 2021-04-28 15:25:40 --> pagination is not a valid Pager template.
#0 /opt/lampp/htdocs/codeigniter/system/Pager/Pager.php(154): CodeIgniter\Pager\Exceptions\PagerException::forInvalidTemplate('pagination')
#1 /opt/lampp/htdocs/codeigniter/system/Pager/Pager.php(93): CodeIgniter\Pager\Pager->displayLinks('peoples', 'pagination')
#2 /opt/lampp/htdocs/codeigniter/app/Views/page/all_blogs.php(27): CodeIgniter\Pager\Pager->links('peoples', 'pagination')
#3 /opt/lampp/htdocs/codeigniter/system/View/View.php(220): include('/opt/lampp/htdo...')
#4 /opt/lampp/htdocs/codeigniter/system/View/View.php(222): CodeIgniter\View\View->CodeIgniter\View\{closure}()
#5 /opt/lampp/htdocs/codeigniter/system/Common.php(1217): CodeIgniter\View\View->render('page/all_blogs', Array, true)
#6 /opt/lampp/htdocs/codeigniter/app/Controllers/Page.php(21): view('page/all_blogs')
#7 /opt/lampp/htdocs/codeigniter/system/CodeIgniter.php(936): App\Controllers\Page->all_post()
#8 /opt/lampp/htdocs/codeigniter/system/CodeIgniter.php(432): CodeIgniter\CodeIgniter->runController(Object(App\Controllers\Page))
#9 /opt/lampp/htdocs/codeigniter/system/CodeIgniter.php(333): CodeIgniter\CodeIgniter->handleRequest(NULL, Object(Config\Cache), false)
#10 /opt/lampp/htdocs/codeigniter/public/index.php(44): CodeIgniter\CodeIgniter->run()
#11 {main}
